#
# There is insufficient memory for the Java Runtime Environment to continue.
# Native memory allocation (malloc) failed to allocate 255040 bytes. Error detail: Chunk::new
# Possible reasons:
#   The system is out of physical RAM or swap space
#   This process is running with CompressedOops enabled, and the Java Heap may be blocking the growth of the native heap
# Possible solutions:
#   Reduce memory load on the system
#   Increase physical memory or swap space
#   Check if swap backing store is full
#   Decrease Java heap size (-Xmx/-Xms)
#   Decrease number of Java threads
#   Decrease Java thread stack sizes (-Xss)
#   Set larger code cache with -XX:ReservedCodeCacheSize=
#   JVM is running with Zero Based Compressed Oops mode in which the Java heap is
#     placed in the first 32GB address space. The Java Heap base address is the
#     maximum limit for the native heap growth. Please use -XX:HeapBaseMinAddress
#     to set the Java Heap base and to place the Java Heap above 32GB virtual address.
# This output file may be truncated or incomplete.
#
#  Out of Memory Error (arena.cpp:150), pid=23664, tid=22552
#
# JRE version: Java(TM) SE Runtime Environment (22.0.1+8) (build 22.0.1+8-16)
# Java VM: Java HotSpot(TM) 64-Bit Server VM (22.0.1+8-16, mixed mode, sharing, tiered, compressed oops, compressed class ptrs, g1 gc, windows-amd64)
# No core dump will be written. Minidumps are not enabled by default on client versions of Windows
#

---------------  S U M M A R Y ------------

Command Line: -ea -Didea.test.cyclic.buffer.size=1048576 -javaagent:D:\program files\JetBrains\IntelliJ IDEA 2024.1.1\lib\idea_rt.jar=58848:D:\program files\JetBrains\IntelliJ IDEA 2024.1.1\bin -Dfile.encoding=UTF-8 -Dsun.stdout.encoding=UTF-8 -Dsun.stderr.encoding=UTF-8 com.intellij.rt.testng.RemoteTestNGStarter -usedefaultlisteners false -socket58847 @w@C:\Users\Mido\AppData\Local\Temp\idea_working_dirs_testng.tmp -temp C:\Users\Mido\AppData\Local\Temp\idea_testng.tmp

Host: Intel(R) Core(TM) i7-8750H CPU @ 2.20GHz, 12 cores, 15G,  Windows 11 , 64 bit Build 22621 (10.0.22621.3672)
Time: Mon Aug 12 19:29:57 2024 Egypt Daylight Time elapsed time: 11.255735 seconds (0d 0h 0m 11s)

---------------  T H R E A D  ---------------

Current thread (0x00000225b4556bd0):  JavaThread "C2 CompilerThread0" daemon [_thread_in_native, id=22552, stack(0x0000002be0f00000,0x0000002be1000000) (1024K)]


Current CompileTask:
C2:11255 1935   !   4       org.openqa.selenium.json.Input::init (71 bytes)

Stack: [0x0000002be0f00000,0x0000002be1000000]
Native frames: (J=compiled Java code, j=interpreted, Vv=VM code, C=native code)
V  [jvm.dll+0x6e2279]  (no source info available)
V  [jvm.dll+0x874e33]  (no source info available)
V  [jvm.dll+0x87725e]  (no source info available)
V  [jvm.dll+0x877933]  (no source info available)
V  [jvm.dll+0x27fd76]  (no source info available)
V  [jvm.dll+0xc3d0f]  (no source info available)
V  [jvm.dll+0xc3f6b]  (no source info available)
V  [jvm.dll+0x3bb10c]  (no source info available)
V  [jvm.dll+0x387b6b]  (no source info available)
V  [jvm.dll+0x386fda]  (no source info available)
V  [jvm.dll+0x247918]  (no source info available)
V  [jvm.dll+0x246fbf]  (no source info available)
V  [jvm.dll+0x1c4e90]  (no source info available)
V  [jvm.dll+0x2569fe]  (no source info available)
V  [jvm.dll+0x254cba]  (no source info available)
V  [jvm.dll+0x3f5336]  (no source info available)
V  [jvm.dll+0x81d44b]  (no source info available)
V  [jvm.dll+0x6e0915]  (no source info available)
C  [ucrtbase.dll+0x29333]  (no source info available)
C  [KERNEL32.DLL+0x1257d]  (no source info available)
C  [ntdll.dll+0x5af28]  (no source info available)


---------------  P R O C E S S  ---------------

Threads class SMR info:
_java_thread_list=0x00000225faa8b6a0, length=18, elements={
0x0000022592f17b20, 0x00000225b453a0d0, 0x00000225b453b400, 0x00000225b4544770,
0x00000225b4545450, 0x00000225b4547ec0, 0x00000225b454a930, 0x00000225b4556bd0,
0x00000225b4557ae0, 0x00000225b47351e0, 0x00000225b485dee0, 0x00000225b482e1e0,
0x00000225fa479e40, 0x00000225faf226d0, 0x00000225faf17f50, 0x00000225faacfeb0,
0x00000225b45581b0, 0x00000225b4559620
}

Java Threads: ( => current thread )
  0x0000022592f17b20 JavaThread "main"                              [_thread_blocked, id=19980, stack(0x0000002be0100000,0x0000002be0200000) (1024K)]
  0x00000225b453a0d0 JavaThread "Reference Handler"          daemon [_thread_blocked, id=22120, stack(0x0000002be0900000,0x0000002be0a00000) (1024K)]
  0x00000225b453b400 JavaThread "Finalizer"                  daemon [_thread_blocked, id=5528, stack(0x0000002be0a00000,0x0000002be0b00000) (1024K)]
  0x00000225b4544770 JavaThread "Signal Dispatcher"          daemon [_thread_blocked, id=22544, stack(0x0000002be0b00000,0x0000002be0c00000) (1024K)]
  0x00000225b4545450 JavaThread "Attach Listener"            daemon [_thread_blocked, id=9972, stack(0x0000002be0c00000,0x0000002be0d00000) (1024K)]
  0x00000225b4547ec0 JavaThread "Service Thread"             daemon [_thread_blocked, id=17812, stack(0x0000002be0d00000,0x0000002be0e00000) (1024K)]
  0x00000225b454a930 JavaThread "Monitor Deflation Thread"   daemon [_thread_blocked, id=9924, stack(0x0000002be0e00000,0x0000002be0f00000) (1024K)]
=>0x00000225b4556bd0 JavaThread "C2 CompilerThread0"         daemon [_thread_in_native, id=22552, stack(0x0000002be0f00000,0x0000002be1000000) (1024K)]
  0x00000225b4557ae0 JavaThread "C1 CompilerThread0"         daemon [_thread_in_native, id=3668, stack(0x0000002be1000000,0x0000002be1100000) (1024K)]
  0x00000225b47351e0 JavaThread "Common-Cleaner"             daemon [_thread_blocked, id=10016, stack(0x0000002be1100000,0x0000002be1200000) (1024K)]
  0x00000225b485dee0 JavaThread "Monitor Ctrl-Break"         daemon [_thread_in_native, id=14504, stack(0x0000002be1200000,0x0000002be1300000) (1024K)]
  0x00000225b482e1e0 JavaThread "Notification Thread"        daemon [_thread_blocked, id=6436, stack(0x0000002be1300000,0x0000002be1400000) (1024K)]
  0x00000225fa479e40 JavaThread "Keep-Alive-Timer"           daemon [_thread_blocked, id=2268, stack(0x0000002be1500000,0x0000002be1600000) (1024K)]
  0x00000225faf226d0 JavaThread "ForkJoinPool.commonPool-worker-1" daemon [_thread_blocked, id=4572, stack(0x0000002be1400000,0x0000002be1500000) (1024K)]
  0x00000225faf17f50 JavaThread "OkHttp ConnectionPool"      daemon [_thread_blocked, id=18056, stack(0x0000002be2100000,0x0000002be2200000) (1024K)]
  0x00000225faacfeb0 JavaThread "Okio Watchdog"              daemon [_thread_blocked, id=14808, stack(0x0000002be2200000,0x0000002be2300000) (1024K)]
  0x00000225b45581b0 JavaThread "C2 CompilerThread1"         daemon [_thread_in_native, id=18544, stack(0x0000002be1f00000,0x0000002be2000000) (1024K)]
  0x00000225b4559620 JavaThread "C2 CompilerThread2"         daemon [_thread_in_native, id=11660, stack(0x0000002be2300000,0x0000002be2400000) (1024K)]
Total: 18

Other Threads:
  0x00000225b451ee50 VMThread "VM Thread"                           [id=22352, stack(0x0000002be0800000,0x0000002be0900000) (1024K)]
  0x00000225b45049b0 WatcherThread "VM Periodic Task Thread"        [id=14940, stack(0x0000002be0700000,0x0000002be0800000) (1024K)]
  0x00000225930fa3a0 WorkerThread "GC Thread#0"                     [id=23076, stack(0x0000002be0200000,0x0000002be0300000) (1024K)]
  0x00000225faf6ed50 WorkerThread "GC Thread#1"                     [id=3196, stack(0x0000002be1600000,0x0000002be1700000) (1024K)]
  0x00000225fa8960a0 WorkerThread "GC Thread#2"                     [id=22040, stack(0x0000002be1700000,0x0000002be1800000) (1024K)]
  0x00000225fb072fd0 WorkerThread "GC Thread#3"                     [id=18296, stack(0x0000002be1800000,0x0000002be1900000) (1024K)]
  0x00000225fb073380 WorkerThread "GC Thread#4"                     [id=10452, stack(0x0000002be1900000,0x0000002be1a00000) (1024K)]
  0x00000225faf87d10 WorkerThread "GC Thread#5"                     [id=8276, stack(0x0000002be1a00000,0x0000002be1b00000) (1024K)]
  0x00000225fb05c200 WorkerThread "GC Thread#6"                     [id=16668, stack(0x0000002be1b00000,0x0000002be1c00000) (1024K)]
  0x00000225fa9cf770 WorkerThread "GC Thread#7"                     [id=4948, stack(0x0000002be1c00000,0x0000002be1d00000) (1024K)]
  0x00000225fa9cfb20 WorkerThread "GC Thread#8"                     [id=23328, stack(0x0000002be1d00000,0x0000002be1e00000) (1024K)]
  0x00000225fa9cfed0 WorkerThread "GC Thread#9"                     [id=20816, stack(0x0000002be1e00000,0x0000002be1f00000) (1024K)]
  0x000002259310b3d0 ConcurrentGCThread "G1 Main Marker"            [id=4140, stack(0x0000002be0300000,0x0000002be0400000) (1024K)]
  0x000002259310bee0 WorkerThread "G1 Conc#0"                       [id=23684, stack(0x0000002be0400000,0x0000002be0500000) (1024K)]
  0x00000225b43c6a20 ConcurrentGCThread "G1 Refine#0"               [id=9296, stack(0x0000002be0500000,0x0000002be0600000) (1024K)]
  0x00000225b43c75a0 ConcurrentGCThread "G1 Service"                [id=7868, stack(0x0000002be0600000,0x0000002be0700000) (1024K)]
Total: 16

Threads with active compile tasks:
C2 CompilerThread0  11321 1935   !   4       org.openqa.selenium.json.Input::init (71 bytes)
C1 CompilerThread0  11321 1970       3       org.testng.internal.annotations.JDK15AnnotationFinder::findAnnotation (36 bytes)
C2 CompilerThread1  11321 1967  s!   4       jdk.internal.loader.URLClassPath::getLoader (194 bytes)
C2 CompilerThread2  11321 1939       4       org.openqa.selenium.json.Input::peek (9 bytes)
Total: 4

VM state: not at safepoint (normal execution)

VM Mutex/Monitor currently owned by a thread: None

Heap address: 0x0000000701e00000, size: 4066 MB, Compressed Oops mode: Zero based, Oop shift amount: 3

CDS archive(s) mapped at: [0x00000225b5000000-0x00000225b5c60000-0x00000225b5c60000), size 12976128, SharedBaseAddress: 0x00000225b5000000, ArchiveRelocationMode: 1.
Compressed class space mapped at: 0x00000225b6000000-0x00000225f6000000, reserved size: 1073741824
Narrow klass base: 0x00000225b5000000, Narrow klass shift: 0, Narrow klass range: 0x41000000

GC Precious Log:
 CardTable entry size: 512
 Card Set container configuration: InlinePtr #cards 4 size 8 Array Of Cards #cards 16 size 48 Howl #buckets 8 coarsen threshold 3686 Howl Bitmap #cards 512 size 80 coarsen threshold 460 Card regions per heap region 1 cards per card region 4096
 CPUs: 12 total, 12 available
 Memory: 16257M
 Large Page Support: Disabled
 NUMA Support: Disabled
 Compressed Oops: Enabled (Zero based)
 Heap Region Size: 2M
 Heap Min Capacity: 8M
 Heap Initial Capacity: 256M
 Heap Max Capacity: 4066M
 Pre-touch: Disabled
 Parallel Workers: 10
 Concurrent Workers: 3
 Concurrent Refinement Workers: 10
 Periodic GC: Disabled

Heap:
 garbage-first heap   total reserved 4163584K, committed 262144K, used 22661K [0x0000000701e00000, 0x0000000800000000)
  region size 2048K, 11 young (22528K), 2 survivors (4096K)
 Metaspace       used 16086K, committed 16320K, reserved 1114112K
  class space    used 1942K, committed 2048K, reserved 1048576K

Heap Regions: E=young(eden), S=young(survivor), O=old, HS=humongous(starts), HC=humongous(continues), CS=collection set, F=free, TAMS=top-at-mark-start, PB=parsable bottom
|   0|0x0000000701e00000, 0x0000000702000000, 0x0000000702000000|100%| O|  |TAMS 0x0000000701e00000| PB 0x0000000701e00000| Untracked |  0
|   1|0x0000000702000000, 0x0000000702021520, 0x0000000702200000|  6%| O|  |TAMS 0x0000000702000000| PB 0x0000000702000000| Untracked |  0
|   2|0x0000000702200000, 0x0000000702200000, 0x0000000702400000|  0%| F|  |TAMS 0x0000000702200000| PB 0x0000000702200000| Untracked |  0
|   3|0x0000000702400000, 0x0000000702400000, 0x0000000702600000|  0%| F|  |TAMS 0x0000000702400000| PB 0x0000000702400000| Untracked |  0
|   4|0x0000000702600000, 0x0000000702600000, 0x0000000702800000|  0%| F|  |TAMS 0x0000000702600000| PB 0x0000000702600000| Untracked |  0
|   5|0x0000000702800000, 0x0000000702800000, 0x0000000702a00000|  0%| F|  |TAMS 0x0000000702800000| PB 0x0000000702800000| Untracked |  0
|   6|0x0000000702a00000, 0x0000000702a00000, 0x0000000702c00000|  0%| F|  |TAMS 0x0000000702a00000| PB 0x0000000702a00000| Untracked |  0
|   7|0x0000000702c00000, 0x0000000702c00000, 0x0000000702e00000|  0%| F|  |TAMS 0x0000000702c00000| PB 0x0000000702c00000| Untracked |  0
|   8|0x0000000702e00000, 0x0000000702e00000, 0x0000000703000000|  0%| F|  |TAMS 0x0000000702e00000| PB 0x0000000702e00000| Untracked |  0
|   9|0x0000000703000000, 0x0000000703000000, 0x0000000703200000|  0%| F|  |TAMS 0x0000000703000000| PB 0x0000000703000000| Untracked |  0
|  10|0x0000000703200000, 0x0000000703200000, 0x0000000703400000|  0%| F|  |TAMS 0x0000000703200000| PB 0x0000000703200000| Untracked |  0
|  11|0x0000000703400000, 0x0000000703400000, 0x0000000703600000|  0%| F|  |TAMS 0x0000000703400000| PB 0x0000000703400000| Untracked |  0
|  12|0x0000000703600000, 0x0000000703600000, 0x0000000703800000|  0%| F|  |TAMS 0x0000000703600000| PB 0x0000000703600000| Untracked |  0
|  13|0x0000000703800000, 0x0000000703800000, 0x0000000703a00000|  0%| F|  |TAMS 0x0000000703800000| PB 0x0000000703800000| Untracked |  0
|  14|0x0000000703a00000, 0x0000000703a00000, 0x0000000703c00000|  0%| F|  |TAMS 0x0000000703a00000| PB 0x0000000703a00000| Untracked |  0
|  15|0x0000000703c00000, 0x0000000703c00000, 0x0000000703e00000|  0%| F|  |TAMS 0x0000000703c00000| PB 0x0000000703c00000| Untracked |  0
|  16|0x0000000703e00000, 0x0000000703e00000, 0x0000000704000000|  0%| F|  |TAMS 0x0000000703e00000| PB 0x0000000703e00000| Untracked |  0
|  17|0x0000000704000000, 0x0000000704000000, 0x0000000704200000|  0%| F|  |TAMS 0x0000000704000000| PB 0x0000000704000000| Untracked |  0
|  18|0x0000000704200000, 0x0000000704200000, 0x0000000704400000|  0%| F|  |TAMS 0x0000000704200000| PB 0x0000000704200000| Untracked |  0
|  19|0x0000000704400000, 0x0000000704400000, 0x0000000704600000|  0%| F|  |TAMS 0x0000000704400000| PB 0x0000000704400000| Untracked |  0
|  20|0x0000000704600000, 0x0000000704600000, 0x0000000704800000|  0%| F|  |TAMS 0x0000000704600000| PB 0x0000000704600000| Untracked |  0
|  21|0x0000000704800000, 0x0000000704800000, 0x0000000704a00000|  0%| F|  |TAMS 0x0000000704800000| PB 0x0000000704800000| Untracked |  0
|  22|0x0000000704a00000, 0x0000000704a00000, 0x0000000704c00000|  0%| F|  |TAMS 0x0000000704a00000| PB 0x0000000704a00000| Untracked |  0
|  23|0x0000000704c00000, 0x0000000704c00000, 0x0000000704e00000|  0%| F|  |TAMS 0x0000000704c00000| PB 0x0000000704c00000| Untracked |  0
|  24|0x0000000704e00000, 0x0000000704e00000, 0x0000000705000000|  0%| F|  |TAMS 0x0000000704e00000| PB 0x0000000704e00000| Untracked |  0
|  25|0x0000000705000000, 0x0000000705000000, 0x0000000705200000|  0%| F|  |TAMS 0x0000000705000000| PB 0x0000000705000000| Untracked |  0
|  26|0x0000000705200000, 0x0000000705200000, 0x0000000705400000|  0%| F|  |TAMS 0x0000000705200000| PB 0x0000000705200000| Untracked |  0
|  27|0x0000000705400000, 0x0000000705400000, 0x0000000705600000|  0%| F|  |TAMS 0x0000000705400000| PB 0x0000000705400000| Untracked |  0
|  28|0x0000000705600000, 0x0000000705600000, 0x0000000705800000|  0%| F|  |TAMS 0x0000000705600000| PB 0x0000000705600000| Untracked |  0
|  29|0x0000000705800000, 0x0000000705800000, 0x0000000705a00000|  0%| F|  |TAMS 0x0000000705800000| PB 0x0000000705800000| Untracked |  0
|  30|0x0000000705a00000, 0x0000000705a00000, 0x0000000705c00000|  0%| F|  |TAMS 0x0000000705a00000| PB 0x0000000705a00000| Untracked |  0
|  31|0x0000000705c00000, 0x0000000705c00000, 0x0000000705e00000|  0%| F|  |TAMS 0x0000000705c00000| PB 0x0000000705c00000| Untracked |  0
|  32|0x0000000705e00000, 0x0000000705e00000, 0x0000000706000000|  0%| F|  |TAMS 0x0000000705e00000| PB 0x0000000705e00000| Untracked |  0
|  33|0x0000000706000000, 0x0000000706000000, 0x0000000706200000|  0%| F|  |TAMS 0x0000000706000000| PB 0x0000000706000000| Untracked |  0
|  34|0x0000000706200000, 0x0000000706200000, 0x0000000706400000|  0%| F|  |TAMS 0x0000000706200000| PB 0x0000000706200000| Untracked |  0
|  35|0x0000000706400000, 0x0000000706400000, 0x0000000706600000|  0%| F|  |TAMS 0x0000000706400000| PB 0x0000000706400000| Untracked |  0
|  36|0x0000000706600000, 0x0000000706600000, 0x0000000706800000|  0%| F|  |TAMS 0x0000000706600000| PB 0x0000000706600000| Untracked |  0
|  37|0x0000000706800000, 0x0000000706800000, 0x0000000706a00000|  0%| F|  |TAMS 0x0000000706800000| PB 0x0000000706800000| Untracked |  0
|  38|0x0000000706a00000, 0x0000000706a00000, 0x0000000706c00000|  0%| F|  |TAMS 0x0000000706a00000| PB 0x0000000706a00000| Untracked |  0
|  39|0x0000000706c00000, 0x0000000706c00000, 0x0000000706e00000|  0%| F|  |TAMS 0x0000000706c00000| PB 0x0000000706c00000| Untracked |  0
|  40|0x0000000706e00000, 0x0000000706e00000, 0x0000000707000000|  0%| F|  |TAMS 0x0000000706e00000| PB 0x0000000706e00000| Untracked |  0
|  41|0x0000000707000000, 0x0000000707000000, 0x0000000707200000|  0%| F|  |TAMS 0x0000000707000000| PB 0x0000000707000000| Untracked |  0
|  42|0x0000000707200000, 0x0000000707200000, 0x0000000707400000|  0%| F|  |TAMS 0x0000000707200000| PB 0x0000000707200000| Untracked |  0
|  43|0x0000000707400000, 0x0000000707400000, 0x0000000707600000|  0%| F|  |TAMS 0x0000000707400000| PB 0x0000000707400000| Untracked |  0
|  44|0x0000000707600000, 0x0000000707600000, 0x0000000707800000|  0%| F|  |TAMS 0x0000000707600000| PB 0x0000000707600000| Untracked |  0
|  45|0x0000000707800000, 0x0000000707800000, 0x0000000707a00000|  0%| F|  |TAMS 0x0000000707800000| PB 0x0000000707800000| Untracked |  0
|  46|0x0000000707a00000, 0x0000000707a00000, 0x0000000707c00000|  0%| F|  |TAMS 0x0000000707a00000| PB 0x0000000707a00000| Untracked |  0
|  47|0x0000000707c00000, 0x0000000707c00000, 0x0000000707e00000|  0%| F|  |TAMS 0x0000000707c00000| PB 0x0000000707c00000| Untracked |  0
|  48|0x0000000707e00000, 0x0000000707e00000, 0x0000000708000000|  0%| F|  |TAMS 0x0000000707e00000| PB 0x0000000707e00000| Untracked |  0
|  49|0x0000000708000000, 0x0000000708000000, 0x0000000708200000|  0%| F|  |TAMS 0x0000000708000000| PB 0x0000000708000000| Untracked |  0
|  50|0x0000000708200000, 0x0000000708200000, 0x0000000708400000|  0%| F|  |TAMS 0x0000000708200000| PB 0x0000000708200000| Untracked |  0
|  51|0x0000000708400000, 0x0000000708400000, 0x0000000708600000|  0%| F|  |TAMS 0x0000000708400000| PB 0x0000000708400000| Untracked |  0
|  52|0x0000000708600000, 0x0000000708600000, 0x0000000708800000|  0%| F|  |TAMS 0x0000000708600000| PB 0x0000000708600000| Untracked |  0
|  53|0x0000000708800000, 0x0000000708800000, 0x0000000708a00000|  0%| F|  |TAMS 0x0000000708800000| PB 0x0000000708800000| Untracked |  0
|  54|0x0000000708a00000, 0x0000000708a00000, 0x0000000708c00000|  0%| F|  |TAMS 0x0000000708a00000| PB 0x0000000708a00000| Untracked |  0
|  55|0x0000000708c00000, 0x0000000708c00000, 0x0000000708e00000|  0%| F|  |TAMS 0x0000000708c00000| PB 0x0000000708c00000| Untracked |  0
|  56|0x0000000708e00000, 0x0000000708e00000, 0x0000000709000000|  0%| F|  |TAMS 0x0000000708e00000| PB 0x0000000708e00000| Untracked |  0
|  57|0x0000000709000000, 0x0000000709000000, 0x0000000709200000|  0%| F|  |TAMS 0x0000000709000000| PB 0x0000000709000000| Untracked |  0
|  58|0x0000000709200000, 0x0000000709200000, 0x0000000709400000|  0%| F|  |TAMS 0x0000000709200000| PB 0x0000000709200000| Untracked |  0
|  59|0x0000000709400000, 0x0000000709400000, 0x0000000709600000|  0%| F|  |TAMS 0x0000000709400000| PB 0x0000000709400000| Untracked |  0
|  60|0x0000000709600000, 0x0000000709600000, 0x0000000709800000|  0%| F|  |TAMS 0x0000000709600000| PB 0x0000000709600000| Untracked |  0
|  61|0x0000000709800000, 0x0000000709800000, 0x0000000709a00000|  0%| F|  |TAMS 0x0000000709800000| PB 0x0000000709800000| Untracked |  0
|  62|0x0000000709a00000, 0x0000000709a00000, 0x0000000709c00000|  0%| F|  |TAMS 0x0000000709a00000| PB 0x0000000709a00000| Untracked |  0
|  63|0x0000000709c00000, 0x0000000709c00000, 0x0000000709e00000|  0%| F|  |TAMS 0x0000000709c00000| PB 0x0000000709c00000| Untracked |  0
|  64|0x0000000709e00000, 0x0000000709e00000, 0x000000070a000000|  0%| F|  |TAMS 0x0000000709e00000| PB 0x0000000709e00000| Untracked |  0
|  65|0x000000070a000000, 0x000000070a000000, 0x000000070a200000|  0%| F|  |TAMS 0x000000070a000000| PB 0x000000070a000000| Untracked |  0
|  66|0x000000070a200000, 0x000000070a200000, 0x000000070a400000|  0%| F|  |TAMS 0x000000070a200000| PB 0x000000070a200000| Untracked |  0
|  67|0x000000070a400000, 0x000000070a400000, 0x000000070a600000|  0%| F|  |TAMS 0x000000070a400000| PB 0x000000070a400000| Untracked |  0
|  68|0x000000070a600000, 0x000000070a600000, 0x000000070a800000|  0%| F|  |TAMS 0x000000070a600000| PB 0x000000070a600000| Untracked |  0
|  69|0x000000070a800000, 0x000000070a800000, 0x000000070aa00000|  0%| F|  |TAMS 0x000000070a800000| PB 0x000000070a800000| Untracked |  0
|  70|0x000000070aa00000, 0x000000070aa00000, 0x000000070ac00000|  0%| F|  |TAMS 0x000000070aa00000| PB 0x000000070aa00000| Untracked |  0
|  71|0x000000070ac00000, 0x000000070ac00000, 0x000000070ae00000|  0%| F|  |TAMS 0x000000070ac00000| PB 0x000000070ac00000| Untracked |  0
|  72|0x000000070ae00000, 0x000000070ae00000, 0x000000070b000000|  0%| F|  |TAMS 0x000000070ae00000| PB 0x000000070ae00000| Untracked |  0
|  73|0x000000070b000000, 0x000000070b000000, 0x000000070b200000|  0%| F|  |TAMS 0x000000070b000000| PB 0x000000070b000000| Untracked |  0
|  74|0x000000070b200000, 0x000000070b200000, 0x000000070b400000|  0%| F|  |TAMS 0x000000070b200000| PB 0x000000070b200000| Untracked |  0
|  75|0x000000070b400000, 0x000000070b400000, 0x000000070b600000|  0%| F|  |TAMS 0x000000070b400000| PB 0x000000070b400000| Untracked |  0
|  76|0x000000070b600000, 0x000000070b600000, 0x000000070b800000|  0%| F|  |TAMS 0x000000070b600000| PB 0x000000070b600000| Untracked |  0
|  77|0x000000070b800000, 0x000000070b800000, 0x000000070ba00000|  0%| F|  |TAMS 0x000000070b800000| PB 0x000000070b800000| Untracked |  0
|  78|0x000000070ba00000, 0x000000070ba00000, 0x000000070bc00000|  0%| F|  |TAMS 0x000000070ba00000| PB 0x000000070ba00000| Untracked |  0
|  79|0x000000070bc00000, 0x000000070bc00000, 0x000000070be00000|  0%| F|  |TAMS 0x000000070bc00000| PB 0x000000070bc00000| Untracked |  0
|  80|0x000000070be00000, 0x000000070be00000, 0x000000070c000000|  0%| F|  |TAMS 0x000000070be00000| PB 0x000000070be00000| Untracked |  0
|  81|0x000000070c000000, 0x000000070c000000, 0x000000070c200000|  0%| F|  |TAMS 0x000000070c000000| PB 0x000000070c000000| Untracked |  0
|  82|0x000000070c200000, 0x000000070c200000, 0x000000070c400000|  0%| F|  |TAMS 0x000000070c200000| PB 0x000000070c200000| Untracked |  0
|  83|0x000000070c400000, 0x000000070c400000, 0x000000070c600000|  0%| F|  |TAMS 0x000000070c400000| PB 0x000000070c400000| Untracked |  0
|  84|0x000000070c600000, 0x000000070c600000, 0x000000070c800000|  0%| F|  |TAMS 0x000000070c600000| PB 0x000000070c600000| Untracked |  0
|  85|0x000000070c800000, 0x000000070c800000, 0x000000070ca00000|  0%| F|  |TAMS 0x000000070c800000| PB 0x000000070c800000| Untracked |  0
|  86|0x000000070ca00000, 0x000000070ca00000, 0x000000070cc00000|  0%| F|  |TAMS 0x000000070ca00000| PB 0x000000070ca00000| Untracked |  0
|  87|0x000000070cc00000, 0x000000070cc00000, 0x000000070ce00000|  0%| F|  |TAMS 0x000000070cc00000| PB 0x000000070cc00000| Untracked |  0
|  88|0x000000070ce00000, 0x000000070ce00000, 0x000000070d000000|  0%| F|  |TAMS 0x000000070ce00000| PB 0x000000070ce00000| Untracked |  0
|  89|0x000000070d000000, 0x000000070d000000, 0x000000070d200000|  0%| F|  |TAMS 0x000000070d000000| PB 0x000000070d000000| Untracked |  0
|  90|0x000000070d200000, 0x000000070d200000, 0x000000070d400000|  0%| F|  |TAMS 0x000000070d200000| PB 0x000000070d200000| Untracked |  0
|  91|0x000000070d400000, 0x000000070d400000, 0x000000070d600000|  0%| F|  |TAMS 0x000000070d400000| PB 0x000000070d400000| Untracked |  0
|  92|0x000000070d600000, 0x000000070d600000, 0x000000070d800000|  0%| F|  |TAMS 0x000000070d600000| PB 0x000000070d600000| Untracked |  0
|  93|0x000000070d800000, 0x000000070d800000, 0x000000070da00000|  0%| F|  |TAMS 0x000000070d800000| PB 0x000000070d800000| Untracked |  0
|  94|0x000000070da00000, 0x000000070da00000, 0x000000070dc00000|  0%| F|  |TAMS 0x000000070da00000| PB 0x000000070da00000| Untracked |  0
|  95|0x000000070dc00000, 0x000000070dc00000, 0x000000070de00000|  0%| F|  |TAMS 0x000000070dc00000| PB 0x000000070dc00000| Untracked |  0
|  96|0x000000070de00000, 0x000000070de00000, 0x000000070e000000|  0%| F|  |TAMS 0x000000070de00000| PB 0x000000070de00000| Untracked |  0
|  97|0x000000070e000000, 0x000000070e000000, 0x000000070e200000|  0%| F|  |TAMS 0x000000070e000000| PB 0x000000070e000000| Untracked |  0
|  98|0x000000070e200000, 0x000000070e200000, 0x000000070e400000|  0%| F|  |TAMS 0x000000070e200000| PB 0x000000070e200000| Untracked |  0
|  99|0x000000070e400000, 0x000000070e400000, 0x000000070e600000|  0%| F|  |TAMS 0x000000070e400000| PB 0x000000070e400000| Untracked |  0
| 100|0x000000070e600000, 0x000000070e600000, 0x000000070e800000|  0%| F|  |TAMS 0x000000070e600000| PB 0x000000070e600000| Untracked |  0
| 101|0x000000070e800000, 0x000000070e800000, 0x000000070ea00000|  0%| F|  |TAMS 0x000000070e800000| PB 0x000000070e800000| Untracked |  0
| 102|0x000000070ea00000, 0x000000070ea00000, 0x000000070ec00000|  0%| F|  |TAMS 0x000000070ea00000| PB 0x000000070ea00000| Untracked |  0
| 103|0x000000070ec00000, 0x000000070ec00000, 0x000000070ee00000|  0%| F|  |TAMS 0x000000070ec00000| PB 0x000000070ec00000| Untracked |  0
| 104|0x000000070ee00000, 0x000000070ee00000, 0x000000070f000000|  0%| F|  |TAMS 0x000000070ee00000| PB 0x000000070ee00000| Untracked |  0
| 105|0x000000070f000000, 0x000000070f000000, 0x000000070f200000|  0%| F|  |TAMS 0x000000070f000000| PB 0x000000070f000000| Untracked |  0
| 106|0x000000070f200000, 0x000000070f200000, 0x000000070f400000|  0%| F|  |TAMS 0x000000070f200000| PB 0x000000070f200000| Untracked |  0
| 107|0x000000070f400000, 0x000000070f400000, 0x000000070f600000|  0%| F|  |TAMS 0x000000070f400000| PB 0x000000070f400000| Untracked |  0
| 108|0x000000070f600000, 0x000000070f600000, 0x000000070f800000|  0%| F|  |TAMS 0x000000070f600000| PB 0x000000070f600000| Untracked |  0
| 109|0x000000070f800000, 0x000000070f800000, 0x000000070fa00000|  0%| F|  |TAMS 0x000000070f800000| PB 0x000000070f800000| Untracked |  0
| 110|0x000000070fa00000, 0x000000070fa00000, 0x000000070fc00000|  0%| F|  |TAMS 0x000000070fa00000| PB 0x000000070fa00000| Untracked |  0
| 111|0x000000070fc00000, 0x000000070fc00000, 0x000000070fe00000|  0%| F|  |TAMS 0x000000070fc00000| PB 0x000000070fc00000| Untracked |  0
| 112|0x000000070fe00000, 0x000000070fe00000, 0x0000000710000000|  0%| F|  |TAMS 0x000000070fe00000| PB 0x000000070fe00000| Untracked |  0
| 113|0x0000000710000000, 0x0000000710000000, 0x0000000710200000|  0%| F|  |TAMS 0x0000000710000000| PB 0x0000000710000000| Untracked |  0
| 114|0x0000000710200000, 0x0000000710400000, 0x0000000710400000|100%| S|CS|TAMS 0x0000000710200000| PB 0x0000000710200000| Complete |  0
| 115|0x0000000710400000, 0x0000000710600000, 0x0000000710600000|100%| S|CS|TAMS 0x0000000710400000| PB 0x0000000710400000| Complete |  0
| 116|0x0000000710600000, 0x0000000710600000, 0x0000000710800000|  0%| F|  |TAMS 0x0000000710600000| PB 0x0000000710600000| Untracked |  0
| 117|0x0000000710800000, 0x0000000710800000, 0x0000000710a00000|  0%| F|  |TAMS 0x0000000710800000| PB 0x0000000710800000| Untracked |  0
| 118|0x0000000710a00000, 0x0000000710a00000, 0x0000000710c00000|  0%| F|  |TAMS 0x0000000710a00000| PB 0x0000000710a00000| Untracked |  0
| 119|0x0000000710c00000, 0x0000000710d9aae0, 0x0000000710e00000| 80%| E|  |TAMS 0x0000000710c00000| PB 0x0000000710c00000| Complete |  0
| 120|0x0000000710e00000, 0x0000000711000000, 0x0000000711000000|100%| E|CS|TAMS 0x0000000710e00000| PB 0x0000000710e00000| Complete |  0
| 121|0x0000000711000000, 0x0000000711200000, 0x0000000711200000|100%| E|CS|TAMS 0x0000000711000000| PB 0x0000000711000000| Complete |  0
| 122|0x0000000711200000, 0x0000000711400000, 0x0000000711400000|100%| E|CS|TAMS 0x0000000711200000| PB 0x0000000711200000| Complete |  0
| 123|0x0000000711400000, 0x0000000711600000, 0x0000000711600000|100%| E|CS|TAMS 0x0000000711400000| PB 0x0000000711400000| Complete |  0
| 124|0x0000000711600000, 0x0000000711800000, 0x0000000711800000|100%| E|CS|TAMS 0x0000000711600000| PB 0x0000000711600000| Complete |  0
| 125|0x0000000711800000, 0x0000000711a00000, 0x0000000711a00000|100%| E|CS|TAMS 0x0000000711800000| PB 0x0000000711800000| Complete |  0
| 126|0x0000000711a00000, 0x0000000711c00000, 0x0000000711c00000|100%| E|CS|TAMS 0x0000000711a00000| PB 0x0000000711a00000| Complete |  0
| 127|0x0000000711c00000, 0x0000000711e00000, 0x0000000711e00000|100%| E|CS|TAMS 0x0000000711c00000| PB 0x0000000711c00000| Complete |  0

Card table byte_map: [0x00000225ad090000,0x00000225ad890000] _byte_map_base: 0x00000225a9881000

Marking Bits: (CMBitMap*) 0x00000225930faab0
 Bits: [0x00000225ad890000, 0x00000225b1818000)

Polling page: 0x0000022592ed0000

Metaspace:

Usage:
  Non-class:     13.81 MB used.
      Class:      1.90 MB used.
       Both:     15.71 MB used.

Virtual space:
  Non-class space:       64.00 MB reserved,      13.94 MB ( 22%) committed,  1 nodes.
      Class space:        1.00 GB reserved,       2.00 MB ( <1%) committed,  1 nodes.
             Both:        1.06 GB reserved,      15.94 MB (  1%) committed. 

Chunk freelists:
   Non-Class:  1.73 MB
       Class:  14.01 MB
        Both:  15.74 MB

MaxMetaspaceSize: unlimited
CompressedClassSpaceSize: 1.00 GB
Initial GC threshold: 21.00 MB
Current GC threshold: 21.00 MB
CDS: on
 - commit_granule_bytes: 65536.
 - commit_granule_words: 8192.
 - virtual_space_node_default_size: 8388608.
 - enlarge_chunks_in_place: 1.
 - use_allocation_guard: 0.


Internal statistics:

num_allocs_failed_limit: 0.
num_arena_births: 130.
num_arena_deaths: 0.
num_vsnodes_births: 2.
num_vsnodes_deaths: 0.
num_space_committed: 255.
num_space_uncommitted: 0.
num_chunks_returned_to_freelist: 0.
num_chunks_taken_from_freelist: 393.
num_chunk_merges: 0.
num_chunk_splits: 255.
num_chunks_enlarged: 198.
num_inconsistent_stats: 0.

CodeHeap 'non-profiled nmethods': size=120000Kb used=762Kb max_used=762Kb free=119237Kb
 bounds [0x00000225a46d0000, 0x00000225a4940000, 0x00000225abc00000]
CodeHeap 'profiled nmethods': size=120000Kb used=3631Kb max_used=3631Kb free=116368Kb
 bounds [0x000002259cc00000, 0x000002259cf90000, 0x00000225a4130000]
CodeHeap 'non-nmethods': size=5760Kb used=1507Kb max_used=1550Kb free=4252Kb
 bounds [0x00000225a4130000, 0x00000225a43a0000, 0x00000225a46d0000]
 total_blobs=2539 nmethods=1963 adapters=481
 compilation: enabled
              stopped_count=0, restarted_count=0
 full_count=0

Compilation events (20 events):
Event: 11.247 Thread 0x00000225b4557ae0 1943       3       jdk.internal.misc.CDS::isDumpingArchive (4 bytes)
Event: 11.247 Thread 0x00000225b4557ae0 nmethod 1943 0x000002259cf7fb90 code [0x000002259cf7fd20, 0x000002259cf7fe10]
Event: 11.247 Thread 0x00000225b4557ae0 1945       3       jdk.internal.org.objectweb.asm.ClassWriter::visitEnd (1 bytes)
Event: 11.248 Thread 0x00000225b4557ae0 nmethod 1945 0x000002259cf7fe90 code [0x000002259cf80020, 0x000002259cf80128]
Event: 11.248 Thread 0x00000225b4557ae0 1946   !   3       java.lang.invoke.InnerClassLambdaMetafactory::generateInnerClass (506 bytes)
Event: 11.251 Thread 0x00000225b4557ae0 nmethod 1946 0x000002259cf80190 code [0x000002259cf80640, 0x000002259cf82708]
Event: 11.251 Thread 0x00000225b4557ae0 1947       3       java.lang.invoke.InnerClassLambdaMetafactory::generateConstructor (154 bytes)
Event: 11.251 Thread 0x00000225b4557ae0 nmethod 1947 0x000002259cf83490 code [0x000002259cf83780, 0x000002259cf84738]
Event: 11.252 Thread 0x00000225b4557ae0 1950       3       java.lang.invoke.MemberName::asConstructor (58 bytes)
Event: 11.252 Thread 0x00000225b4557ae0 nmethod 1950 0x000002259cf84c90 code [0x000002259cf84ea0, 0x000002259cf85488]
Event: 11.252 Thread 0x00000225b4557ae0 1949       3       jdk.internal.org.objectweb.asm.MethodVisitor::visitInsn (16 bytes)
Event: 11.252 Thread 0x00000225b4557ae0 nmethod 1949 0x000002259cf85690 code [0x000002259cf85840, 0x000002259cf85a50]
Event: 11.252 Thread 0x00000225b4557ae0 1948       3       java.lang.invoke.InnerClassLambdaMetafactory$ForwardingMethodGenerator::<init> (11 bytes)
Event: 11.252 Thread 0x00000225b4557ae0 nmethod 1948 0x000002259cf85b10 code [0x000002259cf85cc0, 0x000002259cf85ec0]
Event: 11.253 Thread 0x00000225b4557ae0 1951       3       java.lang.Character::toUpperCase (9 bytes)
Event: 11.253 Thread 0x00000225b4557ae0 nmethod 1951 0x000002259cf85f90 code [0x000002259cf86140, 0x000002259cf86338]
Event: 11.253 Thread 0x00000225b4557ae0 1952       3       java.lang.Character::toUpperCase (6 bytes)
Event: 11.253 Thread 0x00000225b4557ae0 nmethod 1952 0x000002259cf86410 code [0x000002259cf865c0, 0x000002259cf86818]
Event: 11.253 Thread 0x00000225b4557ae0 1953       3       java.lang.ProcessEnvironment$NameComparator::compare (13 bytes)
Event: 11.254 Thread 0x00000225b4557ae0 nmethod 1953 0x000002259cf86910 code [0x000002259cf86ac0, 0x000002259cf86da0]

GC Heap History (2 events):
Event: 2.167 GC heap before
{Heap before GC invocations=0 (full 0):
 garbage-first heap   total reserved 4163584K, committed 262144K, used 22528K [0x0000000701e00000, 0x0000000800000000)
  region size 2048K, 12 young (24576K), 0 survivors (0K)
 Metaspace       used 10768K, committed 10944K, reserved 1114112K
  class space    used 1187K, committed 1280K, reserved 1048576K
}
Event: 2.178 GC heap after
{Heap after GC invocations=1 (full 0):
 garbage-first heap   total reserved 4163584K, committed 262144K, used 6277K [0x0000000701e00000, 0x0000000800000000)
  region size 2048K, 2 young (4096K), 2 survivors (4096K)
 Metaspace       used 10768K, committed 10944K, reserved 1114112K
  class space    used 1187K, committed 1280K, reserved 1048576K
}

Dll operation events (11 events):
Event: 0.014 Loaded shared library C:\Program Files\Java\jdk-22\bin\java.dll
Event: 0.070 Loaded shared library C:\Program Files\Java\jdk-22\bin\jsvml.dll
Event: 0.214 Loaded shared library C:\Program Files\Java\jdk-22\bin\zip.dll
Event: 0.223 Loaded shared library C:\Program Files\Java\jdk-22\bin\instrument.dll
Event: 0.235 Loaded shared library C:\Program Files\Java\jdk-22\bin\net.dll
Event: 0.238 Loaded shared library C:\Program Files\Java\jdk-22\bin\nio.dll
Event: 0.260 Loaded shared library C:\Program Files\Java\jdk-22\bin\zip.dll
Event: 0.281 Loaded shared library D:\program files\JetBrains\IntelliJ IDEA 2024.1.1\bin\breakgen64.dll
Event: 0.301 Loaded shared library C:\Program Files\Java\jdk-22\bin\extnet.dll
Event: 0.439 Loaded shared library C:\Program Files\Java\jdk-22\bin\jimage.dll
Event: 1.027 Loaded shared library C:\Program Files\Java\jdk-22\bin\sunmscapi.dll

Deoptimization events (20 events):
Event: 2.512 Thread 0x0000022592f17b20 Uncommon trap: trap_request=0xffffffde fr.pc=0x00000225a47315e4 relative=0x0000000000000304
Event: 2.512 Thread 0x0000022592f17b20 Uncommon trap: reason=class_check action=maybe_recompile pc=0x00000225a47315e4 method=java.util.regex.Pattern$BmpCharPropertyGreedy.match(Ljava/util/regex/Matcher;ILjava/lang/CharSequence;)Z @ 26 c2
Event: 2.512 Thread 0x0000022592f17b20 DEOPT PACKING pc=0x00000225a47315e4 sp=0x0000002be01fcd20
Event: 2.512 Thread 0x0000022592f17b20 DEOPT UNPACKING pc=0x00000225a41846a2 sp=0x0000002be01fccb8 mode 2
Event: 2.560 Thread 0x0000022592f17b20 Uncommon trap: trap_request=0xffffff45 fr.pc=0x00000225a4735128 relative=0x0000000000000368
Event: 2.560 Thread 0x0000022592f17b20 Uncommon trap: reason=unstable_if action=reinterpret pc=0x00000225a4735128 method=java.io.ByteArrayInputStream.read([BII)I @ 35 c2
Event: 2.560 Thread 0x0000022592f17b20 DEOPT PACKING pc=0x00000225a4735128 sp=0x0000002be01fd320
Event: 2.560 Thread 0x0000022592f17b20 DEOPT UNPACKING pc=0x00000225a41846a2 sp=0x0000002be01fd2e0 mode 2
Event: 2.625 Thread 0x00000225faf226d0 Uncommon trap: trap_request=0xffffffde fr.pc=0x00000225a474d7bc relative=0x0000000000000f3c
Event: 2.625 Thread 0x00000225faf226d0 Uncommon trap: reason=class_check action=maybe_recompile pc=0x00000225a474d7bc method=java.util.concurrent.ConcurrentHashMap.putVal(Ljava/lang/Object;Ljava/lang/Object;Z)Ljava/lang/Object; @ 242 c2
Event: 2.625 Thread 0x00000225faf226d0 DEOPT PACKING pc=0x00000225a474d7bc sp=0x0000002be14fe190
Event: 2.625 Thread 0x00000225faf226d0 DEOPT UNPACKING pc=0x00000225a41846a2 sp=0x0000002be14fe100 mode 2
Event: 2.730 Thread 0x0000022592f17b20 Uncommon trap: trap_request=0xffffff6e fr.pc=0x00000225a4765450 relative=0x0000000000000490
Event: 2.730 Thread 0x0000022592f17b20 Uncommon trap: reason=loop_limit_check action=maybe_recompile pc=0x00000225a4765450 method=java.lang.StringLatin1.indexOf([BI[BII)I @ 37 c2
Event: 2.730 Thread 0x0000022592f17b20 DEOPT PACKING pc=0x00000225a4765450 sp=0x0000002be01fc8c0
Event: 2.730 Thread 0x0000022592f17b20 DEOPT UNPACKING pc=0x00000225a41846a2 sp=0x0000002be01fc820 mode 2
Event: 2.769 Thread 0x00000225faacfeb0 Uncommon trap: trap_request=0xffffffde fr.pc=0x00000225a4776824 relative=0x0000000000000084
Event: 2.769 Thread 0x00000225faacfeb0 Uncommon trap: reason=class_check action=maybe_recompile pc=0x00000225a4776824 method=jdk.internal.misc.Blocker.begin()J @ 11 c2
Event: 2.769 Thread 0x00000225faacfeb0 DEOPT PACKING pc=0x00000225a4776824 sp=0x0000002be22ff040
Event: 2.769 Thread 0x00000225faacfeb0 DEOPT UNPACKING pc=0x00000225a41846a2 sp=0x0000002be22fef98 mode 2

Classes loaded (20 events):
Event: 11.250 Loading class java/util/stream/SortedOps
Event: 11.250 Loading class java/util/stream/SortedOps done
Event: 11.250 Loading class java/util/stream/SortedOps$OfRef
Event: 11.250 Loading class java/util/stream/SortedOps$OfRef done
Event: 11.250 Loading class java/util/stream/SortedOps$RefSortingSink
Event: 11.250 Loading class java/util/stream/SortedOps$AbstractRefSortingSink
Event: 11.250 Loading class java/util/stream/SortedOps$AbstractRefSortingSink done
Event: 11.250 Loading class java/util/stream/SortedOps$RefSortingSink done
Event: 11.252 Loading class java/lang/ProcessEnvironment
Event: 11.252 Loading class java/lang/ProcessEnvironment done
Event: 11.252 Loading class java/lang/ProcessEnvironment$NameComparator
Event: 11.253 Loading class java/lang/ProcessEnvironment$NameComparator done
Event: 11.253 Loading class java/lang/ProcessEnvironment$EntryComparator
Event: 11.253 Loading class java/lang/ProcessEnvironment$EntryComparator done
Event: 11.253 Loading class java/lang/ProcessEnvironment$CheckedEntrySet
Event: 11.253 Loading class java/lang/ProcessEnvironment$CheckedEntrySet done
Event: 11.253 Loading class java/lang/ProcessEnvironment$CheckedEntrySet$1
Event: 11.253 Loading class java/lang/ProcessEnvironment$CheckedEntrySet$1 done
Event: 11.253 Loading class java/lang/ProcessEnvironment$CheckedEntry
Event: 11.253 Loading class java/lang/ProcessEnvironment$CheckedEntry done

Classes unloaded (0 events):
No events

Classes redefined (0 events):
No events

Internal exceptions (20 events):
Event: 2.459 Thread 0x0000022592f17b20 Exception <a 'java/lang/NoSuchMethodError'{0x0000000711760310}: 'int java.lang.invoke.DirectMethodHandle$Holder.invokeStaticInit(java.lang.Object, java.lang.Object)'> (0x0000000711760310) 
thrown [s\open\src\hotspot\share\interpreter\linkResolver.cpp, line 774]
Event: 2.474 Thread 0x0000022592f17b20 Exception <a 'java/lang/NoSuchMethodError'{0x0000000711795998}: 'java.lang.Object java.lang.invoke.DirectMethodHandle$Holder.invokeInterface(java.lang.Object, java.lang.Object, java.lang.Object)'> (0x0000000711795998) 
thrown [s\open\src\hotspot\share\interpreter\linkResolver.cpp, line 774]
Event: 2.474 Thread 0x0000022592f17b20 Exception <a 'java/lang/IncompatibleClassChangeError'{0x0000000711798d90}: Found class java.lang.Object, but interface was expected> (0x0000000711798d90) 
thrown [s\open\src\hotspot\share\interpreter\linkResolver.cpp, line 841]
Event: 2.475 Thread 0x0000022592f17b20 Exception <a 'java/lang/NoSuchMethodError'{0x000000071179e0d0}: 'int java.lang.invoke.DirectMethodHandle$Holder.invokeSpecial(java.lang.Object, java.lang.Object, java.lang.Object)'> (0x000000071179e0d0) 
thrown [s\open\src\hotspot\share\interpreter\linkResolver.cpp, line 774]
Event: 2.486 Thread 0x0000022592f17b20 Exception <a 'java/lang/NoSuchMethodError'{0x00000007117f8b78}: 'int java.lang.invoke.DirectMethodHandle$Holder.invokeVirtual(java.lang.Object, java.lang.Object)'> (0x00000007117f8b78) 
thrown [s\open\src\hotspot\share\interpreter\linkResolver.cpp, line 774]
Event: 2.488 Thread 0x0000022592f17b20 Exception <a 'java/lang/NoSuchMethodError'{0x00000007117fea68}: 'double java.lang.invoke.DirectMethodHandle$Holder.invokeVirtual(java.lang.Object, java.lang.Object)'> (0x00000007117fea68) 
thrown [s\open\src\hotspot\share\interpreter\linkResolver.cpp, line 774]
Event: 2.489 Thread 0x0000022592f17b20 Exception <a 'java/lang/NoSuchMethodError'{0x0000000711404e90}: 'float java.lang.invoke.DirectMethodHandle$Holder.invokeVirtual(java.lang.Object, java.lang.Object)'> (0x0000000711404e90) 
thrown [s\open\src\hotspot\share\interpreter\linkResolver.cpp, line 774]
Event: 2.490 Thread 0x0000022592f17b20 Exception <a 'java/lang/NoSuchMethodError'{0x000000071140d4b8}: 'long java.lang.invoke.DirectMethodHandle$Holder.invokeVirtual(java.lang.Object, java.lang.Object)'> (0x000000071140d4b8) 
thrown [s\open\src\hotspot\share\interpreter\linkResolver.cpp, line 774]
Event: 2.498 Thread 0x0000022592f17b20 Exception <a 'java/lang/NoSuchMethodError'{0x00000007114334a8}: 'java.lang.Object java.lang.invoke.DirectMethodHandle$Holder.invokeVirtual(java.lang.Object, java.lang.Object, java.lang.Object)'> (0x00000007114334a8) 
thrown [s\open\src\hotspot\share\interpreter\linkResolver.cpp, line 774]
Event: 2.540 Thread 0x0000022592f17b20 Exception <a 'java/lang/NoSuchMethodError'{0x0000000711557260}: 'void java.lang.invoke.DirectMethodHandle$Holder.invokeSpecial(java.lang.Object, java.lang.Object, java.lang.Object, java.lang.Object, java.lang.Object)'> (0x0000000711557260) 
thrown [s\open\src\hotspot\share\interpreter\linkResolver.cpp, line 774]
Event: 2.566 Thread 0x0000022592f17b20 Exception <a 'java/lang/NoSuchMethodError'{0x00000007115e9d00}: 'java.lang.Object java.lang.invoke.DirectMethodHandle$Holder.newInvokeSpecial(java.lang.Object, java.lang.Object, java.lang.Object, java.lang.Object, java.lang.Object)'> (0x00000007115e9d00) 
thrown [s\open\src\hotspot\share\interpreter\linkResolver.cpp, line 774]
Event: 2.624 Thread 0x0000022592f17b20 Exception <a 'java/lang/NoSuchMethodError'{0x000000071130fb60}: 'void java.lang.invoke.DirectMethodHandle$Holder.invokeInterface(java.lang.Object, java.lang.Object, java.lang.Object)'> (0x000000071130fb60) 
thrown [s\open\src\hotspot\share\interpreter\linkResolver.cpp, line 774]
Event: 2.624 Thread 0x00000225faf226d0 Exception <a 'java/lang/NoSuchMethodError'{0x000000071131ed08}: 'void java.lang.invoke.DirectMethodHandle$Holder.invokeInterface(java.lang.Object, java.lang.Object, java.lang.Object)'> (0x000000071131ed08) 
thrown [s\open\src\hotspot\share\interpreter\linkResolver.cpp, line 774]
Event: 2.658 Thread 0x0000022592f17b20 Exception <a 'java/lang/NoSuchMethodError'{0x000000071102b190}: 'java.lang.Object java.lang.invoke.DirectMethodHandle$Holder.invokeSpecial(java.lang.Object, java.lang.Object, java.lang.Object, java.lang.Object, long)'> (0x000000071102b190) 
thrown [s\open\src\hotspot\share\interpreter\linkResolver.cpp, line 774]
Event: 2.659 Thread 0x0000022592f17b20 Exception <a 'java/lang/NoSuchMethodError'{0x000000071102f830}: 'long java.lang.invoke.DirectMethodHandle$Holder.invokeStatic(java.lang.Object, java.lang.Object, int)'> (0x000000071102f830) 
thrown [s\open\src\hotspot\share\interpreter\linkResolver.cpp, line 774]
Event: 2.660 Thread 0x0000022592f17b20 Exception <a 'java/lang/NoSuchMethodError'{0x00000007110428c8}: 'java.lang.Object java.lang.invoke.DirectMethodHandle$Holder.invokeStatic(java.lang.Object, java.lang.Object, java.lang.Object, java.lang.Object, int)'> (0x00000007110428c8) 
thrown [s\open\src\hotspot\share\interpreter\linkResolver.cpp, line 774]
Event: 2.662 Thread 0x0000022592f17b20 Exception <a 'java/lang/NoSuchMethodError'{0x000000071104aa08}: 'java.lang.Object java.lang.invoke.DirectMethodHandle$Holder.invokeSpecial(java.lang.Object, java.lang.Object, java.lang.Object, java.lang.Object, java.lang.Object, long)'> (0x000000071104aa08) 
thrown [s\open\src\hotspot\share\interpreter\linkResolver.cpp, line 774]
Event: 2.723 Thread 0x0000022592f17b20 Exception <a 'java/lang/NoSuchMethodError'{0x0000000710e7b378}: 'void java.lang.invoke.DirectMethodHandle$Holder.invokeStatic(java.lang.Object, java.lang.Object, java.lang.Object, java.lang.Object)'> (0x0000000710e7b378) 
thrown [s\open\src\hotspot\share\interpreter\linkResolver.cpp, line 774]
Event: 11.245 Thread 0x0000022592f17b20 Exception <a 'java/lang/NoSuchMethodError'{0x0000000710c0db40}: 'java.lang.Object java.lang.invoke.DirectMethodHandle$Holder.invokeSpecialIFC(java.lang.Object, java.lang.Object, java.lang.Object)'> (0x0000000710c0db40) 
thrown [s\open\src\hotspot\share\interpreter\linkResolver.cpp, line 774]
Event: 11.249 Thread 0x0000022592f17b20 Exception <a 'java/lang/NoSuchMethodError'{0x0000000710c2cdb8}: 'int java.lang.invoke.DirectMethodHandle$Holder.invokeStatic(java.lang.Object, java.lang.Object, java.lang.Object, java.lang.Object)'> (0x0000000710c2cdb8) 
thrown [s\open\src\hotspot\share\interpreter\linkResolver.cpp, line 774]

ZGC Phase Switch (0 events):
No events

VM Operations (20 events):
Event: 1.424 Executing VM operation: HandshakeAllThreads (Deoptimize)
Event: 1.424 Executing VM operation: HandshakeAllThreads (Deoptimize) done
Event: 2.136 Executing VM operation: HandshakeAllThreads (Deoptimize)
Event: 2.136 Executing VM operation: HandshakeAllThreads (Deoptimize) done
Event: 2.167 Executing VM operation: G1CollectForAllocation (G1 Evacuation Pause)
Event: 2.178 Executing VM operation: G1CollectForAllocation (G1 Evacuation Pause) done
Event: 2.449 Executing VM operation: HandshakeAllThreads (Deoptimize)
Event: 2.449 Executing VM operation: HandshakeAllThreads (Deoptimize) done
Event: 2.761 Executing VM operation: HandshakeAllThreads (Deoptimize)
Event: 2.761 Executing VM operation: HandshakeAllThreads (Deoptimize) done
Event: 2.761 Executing VM operation: HandshakeAllThreads (Deoptimize)
Event: 2.761 Executing VM operation: HandshakeAllThreads (Deoptimize) done
Event: 3.772 Executing VM operation: Cleanup
Event: 3.772 Executing VM operation: Cleanup done
Event: 7.817 Executing VM operation: Cleanup
Event: 7.817 Executing VM operation: Cleanup done
Event: 11.252 Executing VM operation: HandshakeAllThreads (Deoptimize)
Event: 11.252 Executing VM operation: HandshakeAllThreads (Deoptimize) done
Event: 11.252 Executing VM operation: Cleanup
Event: 11.252 Executing VM operation: Cleanup done

Events (20 events):
Event: 0.065 Thread 0x00000225b454a930 Thread added: 0x00000225b454a930
Event: 0.066 Thread 0x00000225b4556bd0 Thread added: 0x00000225b4556bd0
Event: 0.066 Thread 0x00000225b4557ae0 Thread added: 0x00000225b4557ae0
Event: 0.164 Thread 0x00000225b47351e0 Thread added: 0x00000225b47351e0
Event: 0.282 Thread 0x00000225b485dee0 Thread added: 0x00000225b485dee0
Event: 0.282 Thread 0x00000225b482e1e0 Thread added: 0x00000225b482e1e0
Event: 0.393 Thread 0x00000225b4558f50 Thread added: 0x00000225b4558f50
Event: 1.176 Thread 0x00000225b4558f50 Thread exited: 0x00000225b4558f50
Event: 1.406 Thread 0x00000225b45581b0 Thread added: 0x00000225b45581b0
Event: 1.415 Thread 0x00000225b4559cf0 Thread added: 0x00000225b4559cf0
Event: 1.818 Thread 0x00000225b4559cf0 Thread exited: 0x00000225b4559cf0
Event: 2.019 Thread 0x00000225fa479e40 Thread added: 0x00000225fa479e40
Event: 2.020 Thread 0x00000225fa479e40 Thread exited: 0x00000225fa479e40
Event: 2.135 Thread 0x00000225fa479e40 Thread added: 0x00000225fa479e40
Event: 2.380 Thread 0x00000225b45581b0 Thread exited: 0x00000225b45581b0
Event: 2.624 Thread 0x00000225faf226d0 Thread added: 0x00000225faf226d0
Event: 2.624 Thread 0x00000225faf37060 Thread added: 0x00000225faf37060
Event: 2.762 Thread 0x00000225faf17f50 Thread added: 0x00000225faf17f50
Event: 2.768 Thread 0x00000225faacfeb0 Thread added: 0x00000225faacfeb0
Event: 8.098 Thread 0x00000225faf37060 Thread exited: 0x00000225faf37060


Dynamic libraries:
0x00007ff6a52a0000 - 0x00007ff6a52b0000 	C:\Program Files\Java\jdk-22\bin\java.exe
0x00007ff9c0b50000 - 0x00007ff9c0d67000 	C:\WINDOWS\SYSTEM32\ntdll.dll
0x00007ff9bf930000 - 0x00007ff9bf9f4000 	C:\WINDOWS\System32\KERNEL32.DLL
0x00007ff9be150000 - 0x00007ff9be4fd000 	C:\WINDOWS\System32\KERNELBASE.dll
0x00007ff9be030000 - 0x00007ff9be141000 	C:\WINDOWS\System32\ucrtbase.dll
0x00007ff9b9290000 - 0x00007ff9b92ab000 	C:\Program Files\Java\jdk-22\bin\VCRUNTIME140.dll
0x00007ff9b9380000 - 0x00007ff9b9397000 	C:\Program Files\Java\jdk-22\bin\jli.dll
0x00007ff9bf870000 - 0x00007ff9bf922000 	C:\WINDOWS\System32\ADVAPI32.dll
0x00007ff9c0a50000 - 0x00007ff9c0af7000 	C:\WINDOWS\System32\msvcrt.dll
0x00007ff9be9f0000 - 0x00007ff9bea99000 	C:\WINDOWS\System32\sechost.dll
0x00007ff9be670000 - 0x00007ff9be698000 	C:\WINDOWS\System32\bcrypt.dll
0x00007ff9beb80000 - 0x00007ff9bec94000 	C:\WINDOWS\System32\RPCRT4.dll
0x00007ff9c07e0000 - 0x00007ff9c098e000 	C:\WINDOWS\System32\USER32.dll
0x00007ff99a0e0000 - 0x00007ff99a373000 	C:\WINDOWS\WinSxS\amd64_microsoft.windows.common-controls_6595b64144ccf1df_6.0.22621.3672_none_2713b9d173822955\COMCTL32.dll
0x00007ff9be740000 - 0x00007ff9be766000 	C:\WINDOWS\System32\win32u.dll
0x00007ff9bf740000 - 0x00007ff9bf769000 	C:\WINDOWS\System32\GDI32.dll
0x00007ff9be770000 - 0x00007ff9be889000 	C:\WINDOWS\System32\gdi32full.dll
0x00007ff9be6a0000 - 0x00007ff9be73a000 	C:\WINDOWS\System32\msvcp_win.dll
0x00007ff9b56d0000 - 0x00007ff9b56da000 	C:\WINDOWS\SYSTEM32\VERSION.dll
0x00007ff9beaa0000 - 0x00007ff9bead1000 	C:\WINDOWS\System32\IMM32.DLL
0x00007ff9b9370000 - 0x00007ff9b937c000 	C:\Program Files\Java\jdk-22\bin\vcruntime140_1.dll
0x00007ff9a9370000 - 0x00007ff9a93fe000 	C:\Program Files\Java\jdk-22\bin\msvcp140.dll
0x00007ff960220000 - 0x00007ff960f67000 	C:\Program Files\Java\jdk-22\bin\server\jvm.dll
0x00007ff9beaf0000 - 0x00007ff9beb61000 	C:\WINDOWS\System32\WS2_32.dll
0x00007ff9bdb90000 - 0x00007ff9bdbdd000 	C:\WINDOWS\SYSTEM32\POWRPROF.dll
0x00007ff9b6570000 - 0x00007ff9b65a4000 	C:\WINDOWS\SYSTEM32\WINMM.dll
0x00007ff9bdb70000 - 0x00007ff9bdb83000 	C:\WINDOWS\SYSTEM32\UMPDC.dll
0x00007ff9bce70000 - 0x00007ff9bce88000 	C:\WINDOWS\SYSTEM32\kernel.appcore.dll
0x00007ff9b9280000 - 0x00007ff9b928a000 	C:\Program Files\Java\jdk-22\bin\jimage.dll
0x00007ff9bb760000 - 0x00007ff9bb992000 	C:\WINDOWS\SYSTEM32\DBGHELP.DLL
0x00007ff9c0380000 - 0x00007ff9c0708000 	C:\WINDOWS\System32\combase.dll
0x00007ff9c01f0000 - 0x00007ff9c02c7000 	C:\WINDOWS\System32\OLEAUT32.dll
0x00007ff9a4440000 - 0x00007ff9a4472000 	C:\WINDOWS\SYSTEM32\dbgcore.DLL
0x00007ff9bde80000 - 0x00007ff9bdefb000 	C:\WINDOWS\System32\bcryptPrimitives.dll
0x00007ff9b8f30000 - 0x00007ff9b8f3f000 	C:\Program Files\Java\jdk-22\bin\instrument.dll
0x00007ff9b8f40000 - 0x00007ff9b8f5e000 	C:\Program Files\Java\jdk-22\bin\java.dll
0x00007ff9beee0000 - 0x00007ff9bf73f000 	C:\WINDOWS\System32\SHELL32.dll
0x00007ff9beca0000 - 0x00007ff9bee45000 	C:\WINDOWS\System32\ole32.dll
0x00007ff9bbd80000 - 0x00007ff9bc67c000 	C:\WINDOWS\SYSTEM32\windows.storage.dll
0x00007ff9bbc40000 - 0x00007ff9bbd7f000 	C:\WINDOWS\SYSTEM32\wintypes.dll
0x00007ff9c00d0000 - 0x00007ff9c01c4000 	C:\WINDOWS\System32\SHCORE.dll
0x00007ff9c0990000 - 0x00007ff9c09ee000 	C:\WINDOWS\System32\shlwapi.dll
0x00007ff9bddb0000 - 0x00007ff9bddd1000 	C:\WINDOWS\SYSTEM32\profapi.dll
0x00007ff9a8ba0000 - 0x00007ff9a8c77000 	C:\Program Files\Java\jdk-22\bin\jsvml.dll
0x00007ff9b8060000 - 0x00007ff9b8077000 	C:\Program Files\Java\jdk-22\bin\zip.dll
0x00007ff9b8c30000 - 0x00007ff9b8c40000 	C:\Program Files\Java\jdk-22\bin\net.dll
0x00007ff9bd2d0000 - 0x00007ff9bd339000 	C:\WINDOWS\system32\mswsock.dll
0x00007ff9b85c0000 - 0x00007ff9b85d6000 	C:\Program Files\Java\jdk-22\bin\nio.dll
0x00007ff9b5a80000 - 0x00007ff9b5a9a000 	D:\program files\JetBrains\IntelliJ IDEA 2024.1.1\bin\breakgen64.dll
0x00007ff9b8000000 - 0x00007ff9b8009000 	C:\Program Files\Java\jdk-22\bin\extnet.dll
0x00007ff9bd570000 - 0x00007ff9bd58b000 	C:\WINDOWS\SYSTEM32\CRYPTSP.dll
0x00007ff9bcdd0000 - 0x00007ff9bce05000 	C:\WINDOWS\system32\rsaenh.dll
0x00007ff9bd370000 - 0x00007ff9bd398000 	C:\WINDOWS\SYSTEM32\USERENV.dll
0x00007ff9bd4d0000 - 0x00007ff9bd4dc000 	C:\WINDOWS\SYSTEM32\CRYPTBASE.dll
0x00007ff9bc920000 - 0x00007ff9bc94d000 	C:\WINDOWS\SYSTEM32\IPHLPAPI.DLL
0x00007ff9beb70000 - 0x00007ff9beb79000 	C:\WINDOWS\System32\NSI.dll
0x00007ff9b5920000 - 0x00007ff9b592e000 	C:\Program Files\Java\jdk-22\bin\sunmscapi.dll
0x00007ff9be500000 - 0x00007ff9be667000 	C:\WINDOWS\System32\CRYPT32.dll
0x00007ff9bd740000 - 0x00007ff9bd76e000 	C:\WINDOWS\SYSTEM32\ncrypt.dll
0x00007ff9bd700000 - 0x00007ff9bd737000 	C:\WINDOWS\SYSTEM32\NTASN1.dll
0x00007ff9bc950000 - 0x00007ff9bca48000 	C:\WINDOWS\SYSTEM32\DNSAPI.dll
0x00007ff9b5d60000 - 0x00007ff9b5d6a000 	C:\Windows\System32\rasadhlp.dll
0x00007ff9b5b20000 - 0x00007ff9b5ba3000 	C:\WINDOWS\System32\fwpuclnt.dll
0x00007ff9b4dc0000 - 0x00007ff9b4dd7000 	C:\WINDOWS\system32\napinsp.dll
0x00007ff9b4da0000 - 0x00007ff9b4dbb000 	C:\WINDOWS\system32\pnrpnsp.dll
0x00007ff9b3f10000 - 0x00007ff9b3f21000 	C:\WINDOWS\System32\winrnr.dll
0x00007ff9b5bd0000 - 0x00007ff9b5be5000 	C:\WINDOWS\system32\wshbth.dll
0x00007ff9762c0000 - 0x00007ff9762e7000 	C:\WINDOWS\system32\nlansp_c.dll

dbghelp: loaded successfully - version: 4.0.5 - missing functions: none
symbol engine: initialized successfully - sym options: 0x614 - pdb path: .;C:\Program Files\Java\jdk-22\bin;C:\WINDOWS\SYSTEM32;C:\WINDOWS\WinSxS\amd64_microsoft.windows.common-controls_6595b64144ccf1df_6.0.22621.3672_none_2713b9d173822955;C:\Program Files\Java\jdk-22\bin\server;D:\program files\JetBrains\IntelliJ IDEA 2024.1.1\bin

VM Arguments:
jvm_args: -ea -Didea.test.cyclic.buffer.size=1048576 -javaagent:D:\program files\JetBrains\IntelliJ IDEA 2024.1.1\lib\idea_rt.jar=58848:D:\program files\JetBrains\IntelliJ IDEA 2024.1.1\bin -Dfile.encoding=UTF-8 -Dsun.stdout.encoding=UTF-8 -Dsun.stderr.encoding=UTF-8 
java_command: com.intellij.rt.testng.RemoteTestNGStarter -usedefaultlisteners false -socket58847 @w@C:\Users\Mido\AppData\Local\Temp\idea_working_dirs_testng.tmp -temp C:\Users\Mido\AppData\Local\Temp\idea_testng.tmp
java_class_path (initial): D:\program files\JetBrains\IntelliJ IDEA 2024.1.1\lib\idea_rt.jar;D:\program files\JetBrains\IntelliJ IDEA 2024.1.1\plugins\testng\lib\testng-rt.jar;D:\program files\JetBrains\IntelliJ IDEA 2024.1.1\IdeaProjects\AppiumTAU\target\test-classes;D:\program files\JetBrains\IntelliJ IDEA 2024.1.1\IdeaProjects\AppiumTAU\target\classes;C:\Users\Mido\.m2\repository\io\appium\java-client\7.4.1\java-client-7.4.1.jar;C:\Users\Mido\.m2\repository\org\seleniumhq\selenium\selenium-java\3.141.59\selenium-java-3.141.59.jar;C:\Users\Mido\.m2\repository\org\seleniumhq\selenium\selenium-chrome-driver\3.141.59\selenium-chrome-driver-3.141.59.jar;C:\Users\Mido\.m2\repository\org\seleniumhq\selenium\selenium-edge-driver\3.141.59\selenium-edge-driver-3.141.59.jar;C:\Users\Mido\.m2\repository\org\seleniumhq\selenium\selenium-firefox-driver\3.141.59\selenium-firefox-driver-3.141.59.jar;C:\Users\Mido\.m2\repository\org\seleniumhq\selenium\selenium-ie-driver\3.141.59\selenium-ie-driver-3.141.59.jar;C:\Users\Mido\.m2\repository\org\seleniumhq\selenium\selenium-opera-driver\3.141.59\selenium-opera-driver-3.141.59.jar;C:\Users\Mido\.m2\repository\org\seleniumhq\selenium\selenium-remote-driver\3.141.59\selenium-remote-driver-3.141.59.jar;C:\Users\Mido\.m2\repository\org\seleniumhq\selenium\selenium-safari-driver\3.141.59\selenium-safari-driver-3.141.59.jar;C:\Users\Mido\.m2\repository\net\bytebuddy\byte-buddy\1.8.15\byte-buddy-1.8.15.jar;C:\Users\Mido\.m2\repository\org\apache\commons\commons-exec\1.3\commons-exec-1.3.jar;C:\Users\Mido\.m2\repository\com\google\guava\guava\25.0-jre\guava-25.0-jre.jar;C:\Users\Mido\.m2\repository\com\google\code\findbugs\jsr305\1.3.9\jsr305-1.3.9.jar;C:\Users\Mido\.m2\repository\org\checkerframework\checker-compat-qual\2.0.0\checker-compat-qual-2.0.0.jar;C:\Users\Mido\.m2\repository\com\google\errorprone\error_prone_annotations\2.1.3\error_prone_annotations-2.1.3.jar;C:\Users\Mido\.m2\repository\com\google\j2objc\j2objc-annotations\1.1\j2objc-annotations-1.1.jar;C:\Users\Mido\.m2\repository\org\codehaus\mojo\animal-sniffer-annotations\1.14\animal-sniffer-annotations-1.14.jar;C:\Users\Mido\.m2\repository\com\squareup\okhttp3\okhttp\3.11.0\okhttp-3.11.0.jar;C:\Users\Mido\.m2\repository\com\squareup\okio\okio\1.14.0\okio-1.14.0.jar;C:\Users\Mido\.m2\repository\org\seleniumhq\selenium\selenium-support\3.141.59\selenium-support-3.141.59.jar;C:\Users\Mido\.m2\repository\org\seleniumhq\selenium\selenium-api\3.141.59\selenium-api-3.141.59.jar;C:\Users\Mido\.m2\repository\com\google\code\gson\gson\2.8.6\gson-2.8.6.jar;C:\Users\Mido\.m2\repository\org\apache\httpcomponents\httpclient\4.5.13\httpclient-4.5.13.jar;C:\Users\Mido\.m2\repository\org\apache\httpcomponents\httpcore\4.4.13\httpcore-4.4.13.jar;C:\Users\Mido\.m2\repository\commons-logging\commons-logging\1.2\commons-logging-1.2.jar;C:\Users\Mido\.m2\repository\commons-codec\commons-codec\1.11\commons-codec-1.11.jar;C:\Users\Mido\.m2\repository\cglib\cglib\3.3.0\cglib-3.3.0.jar;C:\Users\Mido\.m2\repository\org\ow2\asm\asm\7.1\asm-7.1.jar;C:\Users\Mido\.m2\repository\commons-validator\commons-validator\1.7\commons-validator-1.7.jar;C:\Users\Mido\.m2\repository\commons-beanutils\commons-beanutils\1.9.4\commons-beanutils-1.9.4.jar;C:\Users\Mido\.m2\repository\commons-digester\commons-digester\2.1\commons-digester-2.1.jar;C:\Users\Mido\.m2\repository\commons-collections\commons-collections\3.2.2\commons-collections-3.2.2.jar;C:\Users\Mido\.m2\repository\org\apache\commons\commons-lang3\3.11\commons-lang3-3.11.jar;C:\Users\Mido\.m2\repository\commons-io\commons-io\2.8.0\commons-io-2.8.0.jar;C:\Users\Mido\.m2\repository\org\springframework\spring-context\5.3.1\spring-context-5.3.1.jar;C:\Users\Mido\.m2\repository\org\springframework\spring-aop\5.3.1\spring-aop-5.3.1.jar;C:\Users\Mido\.m2\repository\org\springframework\spring-beans\5.3.1\spring-beans-5.3.1.jar;C:\Users\Mido\.m2\repository\org\springframework\spring-core\5.3.1\spring-core-5.3.1.jar;C:\Users\Mido\.m2\repository\org\springframework\spring-jcl\5.3.1\spring-jcl-5.3.1.jar;C:\Users\Mido\.m2\repository\org\springframework\spring-expression\5.3.1\spring-expression-5.3.1.jar;C:\Users\Mido\.m2\repository\org\aspectj\aspectjweaver\1.9.6\aspectjweaver-1.9.6.jar;C:\Users\Mido\.m2\repository\org\slf4j\slf4j-api\1.7.30\slf4j-api-1.7.30.jar;C:\Users\Mido\.m2\repository\org\testng\testng\6.14.3\testng-6.14.3.jar;C:\Users\Mido\.m2\repository\com\beust\jcommander\1.72\jcommander-1.72.jar;C:\Users\Mido\.m2\repository\org\apache-extras\beanshell\bsh\2.0b6\bsh-2.0b6.jar
Launcher Type: SUN_STANDARD

[Global flags]
     intx CICompilerCount                          = 4                                         {product} {ergonomic}
     uint ConcGCThreads                            = 3                                         {product} {ergonomic}
     uint G1ConcRefinementThreads                  = 10                                        {product} {ergonomic}
   size_t G1HeapRegionSize                         = 2097152                                   {product} {ergonomic}
   size_t InitialHeapSize                          = 268435456                                 {product} {ergonomic}
   size_t MarkStackSize                            = 4194304                                   {product} {ergonomic}
   size_t MaxHeapSize                              = 4263510016                                {product} {ergonomic}
   size_t MaxNewSize                               = 2556428288                                {product} {ergonomic}
   size_t MinHeapDeltaBytes                        = 2097152                                   {product} {ergonomic}
   size_t MinHeapSize                              = 8388608                                   {product} {ergonomic}
    uintx NonNMethodCodeHeapSize                   = 5839372                                {pd product} {ergonomic}
    uintx NonProfiledCodeHeapSize                  = 122909434                              {pd product} {ergonomic}
    uintx ProfiledCodeHeapSize                     = 122909434                              {pd product} {ergonomic}
    uintx ReservedCodeCacheSize                    = 251658240                              {pd product} {ergonomic}
     bool SegmentedCodeCache                       = true                                      {product} {ergonomic}
   size_t SoftMaxHeapSize                          = 4263510016                             {manageable} {ergonomic}
     bool UseCompressedOops                        = true                           {product lp64_product} {ergonomic}
     bool UseG1GC                                  = true                                      {product} {ergonomic}
     bool UseLargePagesIndividualAllocation        = false                                  {pd product} {ergonomic}

Logging:
Log output configuration:
 #0: stdout all=warning uptime,level,tags foldmultilines=false
 #1: stderr all=off uptime,level,tags foldmultilines=false

Environment Variables:
JAVA_HOME=C:\Users\Mido\AppData\Local\Programs\Eclipse Adoptium\jdk-17.0.11.9-hotspot\
PATH=D:\program files\Scripts\;D:\program files\;C:\Program Files\Java\jdk-22\bin;C:\Program Files\Common Files\Oracle\Java\javapath;C:\Windows\system32;C:\Windows;C:\Windows\System32\Wbem;C:\Windows\System32\WindowsPowerShell\v1.0\;C:\Windows\System32\OpenSSH\;C:\Program Files\NVIDIA Corporation\NVIDIA NvDLISR;C:\Program Files\Microsoft SQL Server\Client SDK\ODBC\110\Tools\Binn\;C:\Program Files (x86)\Microsoft SQL Server\120\Tools\Binn\;C:\Program Files\Microsoft SQL Server\120\Tools\Binn\;C:\Program Files\Microsoft SQL Server\120\DTS\Binn\;C:\Program Files (x86)\Windows Kits\8.1\Windows Performance Toolkit\;C:\WINDOWS\system32;C:\WINDOWS;C:\WINDOWS\System32\Wbem;C:\WINDOWS\System32\WindowsPowerShell\v1.0\;C:\WINDOWS\System32\OpenSSH\;D:\Program Files\MATLAB\R2019b\runtime\win64;D:\Program Files\MATLAB\R2019b\bin;D:\Program Files\MATLAB\R2019b\polyspace\bin;C:\MinGW\bin;C:\Program Files\Microsoft VS Code\bin;D:\embedded\mingw64\bin;C:\Users\Mido\AppData\Roaming\nvm;C:\Program Files\nodejs;C:\Program Files\apache-maven-3.9.6\bin;C:\Program Files (x86)\Microsoft SQL Server\160\Tools\Binn\;C:\Program Files\Microsoft SQL Server\160\Tools\Binn\;C:\Program Files\Microsoft SQL Server\Client SDK\ODBC\170\Tools\Binn\;C:\Program Files\Microsoft SQL Server\160\DTS\Binn\;C:\Program Files (x86)\Microsoft SQL Server\160\DTS\Binn\;C:\Program Files\Git\cmd;%ANDROID_HOME%\bin;C:\Users\Mido\AppData\Local\Programs\Eclipse Adoptium\jdk-17.0.11.9-hotspot\bin;C:\Users\Mido\AppData\Local\Microsoft\WindowsApps;c:\nrn\bin;c:\nrn\mingw\usr\bin;C:\Users\Mido\AppData\Roaming\npm;C:\Users\Mido\AppData\Roaming\nvm;C:\Program Files\nodejs;D:\program files\PyCharm 2024.1.3\bin;
USERNAME=Mido
OS=Windows_NT
PROCESSOR_IDENTIFIER=Intel64 Family 6 Model 158 Stepping 10, GenuineIntel
TMP=C:\Users\Mido\AppData\Local\Temp
TEMP=C:\Users\Mido\AppData\Local\Temp




Periodic native trim disabled

---------------  S Y S T E M  ---------------

OS:
 Windows 11 , 64 bit Build 22621 (10.0.22621.3672)
OS uptime: 0 days 2:50 hours
Hyper-V role detected

CPU: total 12 (initial active 12) (6 cores per cpu, 2 threads per core) family 6 model 158 stepping 10 microcode 0xde, cx8, cmov, fxsr, ht, mmx, 3dnowpref, sse, sse2, sse3, ssse3, sse4.1, sse4.2, popcnt, lzcnt, tsc, tscinvbit, avx, avx2, aes, erms, clmul, bmi1, bmi2, adx, fma, vzeroupper, clflush, clflushopt, hv, rdtscp, f16c
Processor Information for all 12 processors :
  Max Mhz: 2208, Current Mhz: 2208, Mhz Limit: 2208

Memory: 4k page, system-wide physical 16257M (1868M free)
TotalPageFile size 31360M (AvailPageFile size 121M)
current process WorkingSet (physical memory assigned to process): 103M, peak: 114M
current process commit charge ("private bytes"): 376M, peak: 387M

vm_info: Java HotSpot(TM) 64-Bit Server VM (22.0.1+8-16) for windows-amd64 JRE (22.0.1+8-16), built on 2024-03-12T10:33:16Z by "mach5one" with MS VC++ 17.6 (VS2022)

END.
