#
# There is insufficient memory for the Java Runtime Environment to continue.
# Native memory allocation (malloc) failed to allocate 957856 bytes. Error detail: Chunk::new
# Possible reasons:
#   The system is out of physical RAM or swap space
#   This process is running with CompressedOops enabled, and the Java Heap may be blocking the growth of the native heap
# Possible solutions:
#   Reduce memory load on the system
#   Increase physical memory or swap space
#   Check if swap backing store is full
#   Decrease Java heap size (-Xmx/-Xms)
#   Decrease number of Java threads
#   Decrease Java thread stack sizes (-Xss)
#   Set larger code cache with -XX:ReservedCodeCacheSize=
#   JVM is running with Zero Based Compressed Oops mode in which the Java heap is
#     placed in the first 32GB address space. The Java Heap base address is the
#     maximum limit for the native heap growth. Please use -XX:HeapBaseMinAddress
#     to set the Java Heap base and to place the Java Heap above 32GB virtual address.
# This output file may be truncated or incomplete.
#
#  Out of Memory Error (arena.cpp:150), pid=1896, tid=20036
#
# JRE version: Java(TM) SE Runtime Environment (22.0.1+8) (build 22.0.1+8-16)
# Java VM: Java HotSpot(TM) 64-Bit Server VM (22.0.1+8-16, mixed mode, sharing, tiered, compressed oops, compressed class ptrs, g1 gc, windows-amd64)
# No core dump will be written. Minidumps are not enabled by default on client versions of Windows
#

---------------  S U M M A R Y ------------

Command Line: -ea -Didea.test.cyclic.buffer.size=1048576 -javaagent:D:\program files\JetBrains\IntelliJ IDEA 2024.1.1\lib\idea_rt.jar=58477:D:\program files\JetBrains\IntelliJ IDEA 2024.1.1\bin -Dfile.encoding=UTF-8 -Dsun.stdout.encoding=UTF-8 -Dsun.stderr.encoding=UTF-8 com.intellij.rt.testng.RemoteTestNGStarter -usedefaultlisteners false -socket58476 @w@C:\Users\Mido\AppData\Local\Temp\idea_working_dirs_testng.tmp -temp C:\Users\Mido\AppData\Local\Temp\idea_testng.tmp

Host: Intel(R) Core(TM) i7-8750H CPU @ 2.20GHz, 12 cores, 15G,  Windows 11 , 64 bit Build 22621 (10.0.22621.3672)
Time: Mon Aug 12 19:28:32 2024 Egypt Daylight Time elapsed time: 1.402890 seconds (0d 0h 0m 1s)

---------------  T H R E A D  ---------------

Current thread (0x00000276f601ee20):  JavaThread "C2 CompilerThread0" daemon [_thread_in_native, id=20036, stack(0x000000eeca300000,0x000000eeca400000) (1024K)]


Current CompileTask:
C2:1402 1300       4       sun.security.ec.ECOperations::setDouble (463 bytes)

Stack: [0x000000eeca300000,0x000000eeca400000]
Native frames: (J=compiled Java code, j=interpreted, Vv=VM code, C=native code)
V  [jvm.dll+0x6e2279]  (no source info available)
V  [jvm.dll+0x874e33]  (no source info available)
V  [jvm.dll+0x87725e]  (no source info available)
V  [jvm.dll+0x877933]  (no source info available)
V  [jvm.dll+0x27fd76]  (no source info available)
V  [jvm.dll+0xc3d0f]  (no source info available)
V  [jvm.dll+0xc3f6b]  (no source info available)
V  [jvm.dll+0x2f3c2f]  (no source info available)
V  [jvm.dll+0x60bc9a]  (no source info available)
V  [jvm.dll+0x249a35]  (no source info available)
V  [jvm.dll+0x246ec6]  (no source info available)
V  [jvm.dll+0x1c4e90]  (no source info available)
V  [jvm.dll+0x2569fe]  (no source info available)
V  [jvm.dll+0x254cba]  (no source info available)
V  [jvm.dll+0x3f5336]  (no source info available)
V  [jvm.dll+0x81d44b]  (no source info available)
V  [jvm.dll+0x6e0915]  (no source info available)
C  [ucrtbase.dll+0x29333]  (no source info available)
C  [KERNEL32.DLL+0x1257d]  (no source info available)
C  [ntdll.dll+0x5af28]  (no source info available)


---------------  P R O C E S S  ---------------

Threads class SMR info:
_java_thread_list=0x00000276f687a950, length=14, elements={
0x000002768f7da100, 0x00000276f600c480, 0x00000276f600cf60, 0x00000276f6010ad0,
0x00000276f6011140, 0x00000276f6011960, 0x00000276f60162c0, 0x00000276f601ee20,
0x00000276f60234e0, 0x00000276b09b8760, 0x00000276f6278ff0, 0x00000276f627d670,
0x00000276f6222570, 0x00000276f6cc4920
}

Java Threads: ( => current thread )
  0x000002768f7da100 JavaThread "main"                              [_thread_in_native, id=2888, stack(0x000000eec9500000,0x000000eec9600000) (1024K)]
  0x00000276f600c480 JavaThread "Reference Handler"          daemon [_thread_blocked, id=22180, stack(0x000000eec9d00000,0x000000eec9e00000) (1024K)]
  0x00000276f600cf60 JavaThread "Finalizer"                  daemon [_thread_blocked, id=3088, stack(0x000000eec9e00000,0x000000eec9f00000) (1024K)]
  0x00000276f6010ad0 JavaThread "Signal Dispatcher"          daemon [_thread_blocked, id=9600, stack(0x000000eec9f00000,0x000000eeca000000) (1024K)]
  0x00000276f6011140 JavaThread "Attach Listener"            daemon [_thread_blocked, id=6576, stack(0x000000eeca000000,0x000000eeca100000) (1024K)]
  0x00000276f6011960 JavaThread "Service Thread"             daemon [_thread_blocked, id=11548, stack(0x000000eeca100000,0x000000eeca200000) (1024K)]
  0x00000276f60162c0 JavaThread "Monitor Deflation Thread"   daemon [_thread_blocked, id=21248, stack(0x000000eeca200000,0x000000eeca300000) (1024K)]
=>0x00000276f601ee20 JavaThread "C2 CompilerThread0"         daemon [_thread_in_native, id=20036, stack(0x000000eeca300000,0x000000eeca400000) (1024K)]
  0x00000276f60234e0 JavaThread "C1 CompilerThread0"         daemon [_thread_blocked, id=24096, stack(0x000000eeca400000,0x000000eeca500000) (1024K)]
  0x00000276b09b8760 JavaThread "Common-Cleaner"             daemon [_thread_blocked, id=22900, stack(0x000000eeca500000,0x000000eeca600000) (1024K)]
  0x00000276f6278ff0 JavaThread "Monitor Ctrl-Break"         daemon [_thread_in_native, id=15584, stack(0x000000eeca700000,0x000000eeca800000) (1024K)]
  0x00000276f627d670 JavaThread "Notification Thread"        daemon [_thread_blocked, id=21388, stack(0x000000eeca800000,0x000000eeca900000) (1024K)]
  0x00000276f6222570 JavaThread "C2 CompilerThread1"         daemon [_thread_blocked, id=8040, stack(0x000000eeca600000,0x000000eeca700000) (1024K)]
  0x00000276f6cc4920 JavaThread "C2 CompilerThread2"         daemon [_thread_blocked, id=3992, stack(0x000000eeca900000,0x000000eecaa00000) (1024K)]
Total: 14

Other Threads:
  0x00000276b09d0a40 VMThread "VM Thread"                           [id=18868, stack(0x000000eec9c00000,0x000000eec9d00000) (1024K)]
  0x00000276b09b6dd0 WatcherThread "VM Periodic Task Thread"        [id=16608, stack(0x000000eec9b00000,0x000000eec9c00000) (1024K)]
  0x000002768fa0d570 WorkerThread "GC Thread#0"                     [id=16080, stack(0x000000eec9600000,0x000000eec9700000) (1024K)]
  0x000002768fa1e420 ConcurrentGCThread "G1 Main Marker"            [id=8768, stack(0x000000eec9700000,0x000000eec9800000) (1024K)]
  0x000002768fa1f640 WorkerThread "G1 Conc#0"                       [id=16504, stack(0x000000eec9800000,0x000000eec9900000) (1024K)]
  0x000002768fa5e080 ConcurrentGCThread "G1 Refine#0"               [id=11652, stack(0x000000eec9900000,0x000000eec9a00000) (1024K)]
  0x000002768fa5e710 ConcurrentGCThread "G1 Service"                [id=8900, stack(0x000000eec9a00000,0x000000eec9b00000) (1024K)]
Total: 7

Threads with active compile tasks:
C2 CompilerThread0  1462 1300       4       sun.security.ec.ECOperations::setDouble (463 bytes)
Total: 1

VM state: not at safepoint (normal execution)

VM Mutex/Monitor currently owned by a thread: None

Heap address: 0x0000000701e00000, size: 4066 MB, Compressed Oops mode: Zero based, Oop shift amount: 3

CDS archive(s) mapped at: [0x00000276b1000000-0x00000276b1c60000-0x00000276b1c60000), size 12976128, SharedBaseAddress: 0x00000276b1000000, ArchiveRelocationMode: 1.
Compressed class space mapped at: 0x00000276b2000000-0x00000276f2000000, reserved size: 1073741824
Narrow klass base: 0x00000276b1000000, Narrow klass shift: 0, Narrow klass range: 0x41000000

GC Precious Log:
 CardTable entry size: 512
 Card Set container configuration: InlinePtr #cards 4 size 8 Array Of Cards #cards 16 size 48 Howl #buckets 8 coarsen threshold 3686 Howl Bitmap #cards 512 size 80 coarsen threshold 460 Card regions per heap region 1 cards per card region 4096
 CPUs: 12 total, 12 available
 Memory: 16257M
 Large Page Support: Disabled
 NUMA Support: Disabled
 Compressed Oops: Enabled (Zero based)
 Heap Region Size: 2M
 Heap Min Capacity: 8M
 Heap Initial Capacity: 256M
 Heap Max Capacity: 4066M
 Pre-touch: Disabled
 Parallel Workers: 10
 Concurrent Workers: 3
 Concurrent Refinement Workers: 10
 Periodic GC: Disabled

Heap:
 garbage-first heap   total reserved 4163584K, committed 262144K, used 18432K [0x0000000701e00000, 0x0000000800000000)
  region size 2048K, 10 young (20480K), 0 survivors (0K)
 Metaspace       used 9322K, committed 9472K, reserved 1114112K
  class space    used 1026K, committed 1088K, reserved 1048576K

Heap Regions: E=young(eden), S=young(survivor), O=old, HS=humongous(starts), HC=humongous(continues), CS=collection set, F=free, TAMS=top-at-mark-start, PB=parsable bottom
|   0|0x0000000701e00000, 0x0000000701e00000, 0x0000000702000000|  0%| F|  |TAMS 0x0000000701e00000| PB 0x0000000701e00000| Untracked |  0
|   1|0x0000000702000000, 0x0000000702000000, 0x0000000702200000|  0%| F|  |TAMS 0x0000000702000000| PB 0x0000000702000000| Untracked |  0
|   2|0x0000000702200000, 0x0000000702200000, 0x0000000702400000|  0%| F|  |TAMS 0x0000000702200000| PB 0x0000000702200000| Untracked |  0
|   3|0x0000000702400000, 0x0000000702400000, 0x0000000702600000|  0%| F|  |TAMS 0x0000000702400000| PB 0x0000000702400000| Untracked |  0
|   4|0x0000000702600000, 0x0000000702600000, 0x0000000702800000|  0%| F|  |TAMS 0x0000000702600000| PB 0x0000000702600000| Untracked |  0
|   5|0x0000000702800000, 0x0000000702800000, 0x0000000702a00000|  0%| F|  |TAMS 0x0000000702800000| PB 0x0000000702800000| Untracked |  0
|   6|0x0000000702a00000, 0x0000000702a00000, 0x0000000702c00000|  0%| F|  |TAMS 0x0000000702a00000| PB 0x0000000702a00000| Untracked |  0
|   7|0x0000000702c00000, 0x0000000702c00000, 0x0000000702e00000|  0%| F|  |TAMS 0x0000000702c00000| PB 0x0000000702c00000| Untracked |  0
|   8|0x0000000702e00000, 0x0000000702e00000, 0x0000000703000000|  0%| F|  |TAMS 0x0000000702e00000| PB 0x0000000702e00000| Untracked |  0
|   9|0x0000000703000000, 0x0000000703000000, 0x0000000703200000|  0%| F|  |TAMS 0x0000000703000000| PB 0x0000000703000000| Untracked |  0
|  10|0x0000000703200000, 0x0000000703200000, 0x0000000703400000|  0%| F|  |TAMS 0x0000000703200000| PB 0x0000000703200000| Untracked |  0
|  11|0x0000000703400000, 0x0000000703400000, 0x0000000703600000|  0%| F|  |TAMS 0x0000000703400000| PB 0x0000000703400000| Untracked |  0
|  12|0x0000000703600000, 0x0000000703600000, 0x0000000703800000|  0%| F|  |TAMS 0x0000000703600000| PB 0x0000000703600000| Untracked |  0
|  13|0x0000000703800000, 0x0000000703800000, 0x0000000703a00000|  0%| F|  |TAMS 0x0000000703800000| PB 0x0000000703800000| Untracked |  0
|  14|0x0000000703a00000, 0x0000000703a00000, 0x0000000703c00000|  0%| F|  |TAMS 0x0000000703a00000| PB 0x0000000703a00000| Untracked |  0
|  15|0x0000000703c00000, 0x0000000703c00000, 0x0000000703e00000|  0%| F|  |TAMS 0x0000000703c00000| PB 0x0000000703c00000| Untracked |  0
|  16|0x0000000703e00000, 0x0000000703e00000, 0x0000000704000000|  0%| F|  |TAMS 0x0000000703e00000| PB 0x0000000703e00000| Untracked |  0
|  17|0x0000000704000000, 0x0000000704000000, 0x0000000704200000|  0%| F|  |TAMS 0x0000000704000000| PB 0x0000000704000000| Untracked |  0
|  18|0x0000000704200000, 0x0000000704200000, 0x0000000704400000|  0%| F|  |TAMS 0x0000000704200000| PB 0x0000000704200000| Untracked |  0
|  19|0x0000000704400000, 0x0000000704400000, 0x0000000704600000|  0%| F|  |TAMS 0x0000000704400000| PB 0x0000000704400000| Untracked |  0
|  20|0x0000000704600000, 0x0000000704600000, 0x0000000704800000|  0%| F|  |TAMS 0x0000000704600000| PB 0x0000000704600000| Untracked |  0
|  21|0x0000000704800000, 0x0000000704800000, 0x0000000704a00000|  0%| F|  |TAMS 0x0000000704800000| PB 0x0000000704800000| Untracked |  0
|  22|0x0000000704a00000, 0x0000000704a00000, 0x0000000704c00000|  0%| F|  |TAMS 0x0000000704a00000| PB 0x0000000704a00000| Untracked |  0
|  23|0x0000000704c00000, 0x0000000704c00000, 0x0000000704e00000|  0%| F|  |TAMS 0x0000000704c00000| PB 0x0000000704c00000| Untracked |  0
|  24|0x0000000704e00000, 0x0000000704e00000, 0x0000000705000000|  0%| F|  |TAMS 0x0000000704e00000| PB 0x0000000704e00000| Untracked |  0
|  25|0x0000000705000000, 0x0000000705000000, 0x0000000705200000|  0%| F|  |TAMS 0x0000000705000000| PB 0x0000000705000000| Untracked |  0
|  26|0x0000000705200000, 0x0000000705200000, 0x0000000705400000|  0%| F|  |TAMS 0x0000000705200000| PB 0x0000000705200000| Untracked |  0
|  27|0x0000000705400000, 0x0000000705400000, 0x0000000705600000|  0%| F|  |TAMS 0x0000000705400000| PB 0x0000000705400000| Untracked |  0
|  28|0x0000000705600000, 0x0000000705600000, 0x0000000705800000|  0%| F|  |TAMS 0x0000000705600000| PB 0x0000000705600000| Untracked |  0
|  29|0x0000000705800000, 0x0000000705800000, 0x0000000705a00000|  0%| F|  |TAMS 0x0000000705800000| PB 0x0000000705800000| Untracked |  0
|  30|0x0000000705a00000, 0x0000000705a00000, 0x0000000705c00000|  0%| F|  |TAMS 0x0000000705a00000| PB 0x0000000705a00000| Untracked |  0
|  31|0x0000000705c00000, 0x0000000705c00000, 0x0000000705e00000|  0%| F|  |TAMS 0x0000000705c00000| PB 0x0000000705c00000| Untracked |  0
|  32|0x0000000705e00000, 0x0000000705e00000, 0x0000000706000000|  0%| F|  |TAMS 0x0000000705e00000| PB 0x0000000705e00000| Untracked |  0
|  33|0x0000000706000000, 0x0000000706000000, 0x0000000706200000|  0%| F|  |TAMS 0x0000000706000000| PB 0x0000000706000000| Untracked |  0
|  34|0x0000000706200000, 0x0000000706200000, 0x0000000706400000|  0%| F|  |TAMS 0x0000000706200000| PB 0x0000000706200000| Untracked |  0
|  35|0x0000000706400000, 0x0000000706400000, 0x0000000706600000|  0%| F|  |TAMS 0x0000000706400000| PB 0x0000000706400000| Untracked |  0
|  36|0x0000000706600000, 0x0000000706600000, 0x0000000706800000|  0%| F|  |TAMS 0x0000000706600000| PB 0x0000000706600000| Untracked |  0
|  37|0x0000000706800000, 0x0000000706800000, 0x0000000706a00000|  0%| F|  |TAMS 0x0000000706800000| PB 0x0000000706800000| Untracked |  0
|  38|0x0000000706a00000, 0x0000000706a00000, 0x0000000706c00000|  0%| F|  |TAMS 0x0000000706a00000| PB 0x0000000706a00000| Untracked |  0
|  39|0x0000000706c00000, 0x0000000706c00000, 0x0000000706e00000|  0%| F|  |TAMS 0x0000000706c00000| PB 0x0000000706c00000| Untracked |  0
|  40|0x0000000706e00000, 0x0000000706e00000, 0x0000000707000000|  0%| F|  |TAMS 0x0000000706e00000| PB 0x0000000706e00000| Untracked |  0
|  41|0x0000000707000000, 0x0000000707000000, 0x0000000707200000|  0%| F|  |TAMS 0x0000000707000000| PB 0x0000000707000000| Untracked |  0
|  42|0x0000000707200000, 0x0000000707200000, 0x0000000707400000|  0%| F|  |TAMS 0x0000000707200000| PB 0x0000000707200000| Untracked |  0
|  43|0x0000000707400000, 0x0000000707400000, 0x0000000707600000|  0%| F|  |TAMS 0x0000000707400000| PB 0x0000000707400000| Untracked |  0
|  44|0x0000000707600000, 0x0000000707600000, 0x0000000707800000|  0%| F|  |TAMS 0x0000000707600000| PB 0x0000000707600000| Untracked |  0
|  45|0x0000000707800000, 0x0000000707800000, 0x0000000707a00000|  0%| F|  |TAMS 0x0000000707800000| PB 0x0000000707800000| Untracked |  0
|  46|0x0000000707a00000, 0x0000000707a00000, 0x0000000707c00000|  0%| F|  |TAMS 0x0000000707a00000| PB 0x0000000707a00000| Untracked |  0
|  47|0x0000000707c00000, 0x0000000707c00000, 0x0000000707e00000|  0%| F|  |TAMS 0x0000000707c00000| PB 0x0000000707c00000| Untracked |  0
|  48|0x0000000707e00000, 0x0000000707e00000, 0x0000000708000000|  0%| F|  |TAMS 0x0000000707e00000| PB 0x0000000707e00000| Untracked |  0
|  49|0x0000000708000000, 0x0000000708000000, 0x0000000708200000|  0%| F|  |TAMS 0x0000000708000000| PB 0x0000000708000000| Untracked |  0
|  50|0x0000000708200000, 0x0000000708200000, 0x0000000708400000|  0%| F|  |TAMS 0x0000000708200000| PB 0x0000000708200000| Untracked |  0
|  51|0x0000000708400000, 0x0000000708400000, 0x0000000708600000|  0%| F|  |TAMS 0x0000000708400000| PB 0x0000000708400000| Untracked |  0
|  52|0x0000000708600000, 0x0000000708600000, 0x0000000708800000|  0%| F|  |TAMS 0x0000000708600000| PB 0x0000000708600000| Untracked |  0
|  53|0x0000000708800000, 0x0000000708800000, 0x0000000708a00000|  0%| F|  |TAMS 0x0000000708800000| PB 0x0000000708800000| Untracked |  0
|  54|0x0000000708a00000, 0x0000000708a00000, 0x0000000708c00000|  0%| F|  |TAMS 0x0000000708a00000| PB 0x0000000708a00000| Untracked |  0
|  55|0x0000000708c00000, 0x0000000708c00000, 0x0000000708e00000|  0%| F|  |TAMS 0x0000000708c00000| PB 0x0000000708c00000| Untracked |  0
|  56|0x0000000708e00000, 0x0000000708e00000, 0x0000000709000000|  0%| F|  |TAMS 0x0000000708e00000| PB 0x0000000708e00000| Untracked |  0
|  57|0x0000000709000000, 0x0000000709000000, 0x0000000709200000|  0%| F|  |TAMS 0x0000000709000000| PB 0x0000000709000000| Untracked |  0
|  58|0x0000000709200000, 0x0000000709200000, 0x0000000709400000|  0%| F|  |TAMS 0x0000000709200000| PB 0x0000000709200000| Untracked |  0
|  59|0x0000000709400000, 0x0000000709400000, 0x0000000709600000|  0%| F|  |TAMS 0x0000000709400000| PB 0x0000000709400000| Untracked |  0
|  60|0x0000000709600000, 0x0000000709600000, 0x0000000709800000|  0%| F|  |TAMS 0x0000000709600000| PB 0x0000000709600000| Untracked |  0
|  61|0x0000000709800000, 0x0000000709800000, 0x0000000709a00000|  0%| F|  |TAMS 0x0000000709800000| PB 0x0000000709800000| Untracked |  0
|  62|0x0000000709a00000, 0x0000000709a00000, 0x0000000709c00000|  0%| F|  |TAMS 0x0000000709a00000| PB 0x0000000709a00000| Untracked |  0
|  63|0x0000000709c00000, 0x0000000709c00000, 0x0000000709e00000|  0%| F|  |TAMS 0x0000000709c00000| PB 0x0000000709c00000| Untracked |  0
|  64|0x0000000709e00000, 0x0000000709e00000, 0x000000070a000000|  0%| F|  |TAMS 0x0000000709e00000| PB 0x0000000709e00000| Untracked |  0
|  65|0x000000070a000000, 0x000000070a000000, 0x000000070a200000|  0%| F|  |TAMS 0x000000070a000000| PB 0x000000070a000000| Untracked |  0
|  66|0x000000070a200000, 0x000000070a200000, 0x000000070a400000|  0%| F|  |TAMS 0x000000070a200000| PB 0x000000070a200000| Untracked |  0
|  67|0x000000070a400000, 0x000000070a400000, 0x000000070a600000|  0%| F|  |TAMS 0x000000070a400000| PB 0x000000070a400000| Untracked |  0
|  68|0x000000070a600000, 0x000000070a600000, 0x000000070a800000|  0%| F|  |TAMS 0x000000070a600000| PB 0x000000070a600000| Untracked |  0
|  69|0x000000070a800000, 0x000000070a800000, 0x000000070aa00000|  0%| F|  |TAMS 0x000000070a800000| PB 0x000000070a800000| Untracked |  0
|  70|0x000000070aa00000, 0x000000070aa00000, 0x000000070ac00000|  0%| F|  |TAMS 0x000000070aa00000| PB 0x000000070aa00000| Untracked |  0
|  71|0x000000070ac00000, 0x000000070ac00000, 0x000000070ae00000|  0%| F|  |TAMS 0x000000070ac00000| PB 0x000000070ac00000| Untracked |  0
|  72|0x000000070ae00000, 0x000000070ae00000, 0x000000070b000000|  0%| F|  |TAMS 0x000000070ae00000| PB 0x000000070ae00000| Untracked |  0
|  73|0x000000070b000000, 0x000000070b000000, 0x000000070b200000|  0%| F|  |TAMS 0x000000070b000000| PB 0x000000070b000000| Untracked |  0
|  74|0x000000070b200000, 0x000000070b200000, 0x000000070b400000|  0%| F|  |TAMS 0x000000070b200000| PB 0x000000070b200000| Untracked |  0
|  75|0x000000070b400000, 0x000000070b400000, 0x000000070b600000|  0%| F|  |TAMS 0x000000070b400000| PB 0x000000070b400000| Untracked |  0
|  76|0x000000070b600000, 0x000000070b600000, 0x000000070b800000|  0%| F|  |TAMS 0x000000070b600000| PB 0x000000070b600000| Untracked |  0
|  77|0x000000070b800000, 0x000000070b800000, 0x000000070ba00000|  0%| F|  |TAMS 0x000000070b800000| PB 0x000000070b800000| Untracked |  0
|  78|0x000000070ba00000, 0x000000070ba00000, 0x000000070bc00000|  0%| F|  |TAMS 0x000000070ba00000| PB 0x000000070ba00000| Untracked |  0
|  79|0x000000070bc00000, 0x000000070bc00000, 0x000000070be00000|  0%| F|  |TAMS 0x000000070bc00000| PB 0x000000070bc00000| Untracked |  0
|  80|0x000000070be00000, 0x000000070be00000, 0x000000070c000000|  0%| F|  |TAMS 0x000000070be00000| PB 0x000000070be00000| Untracked |  0
|  81|0x000000070c000000, 0x000000070c000000, 0x000000070c200000|  0%| F|  |TAMS 0x000000070c000000| PB 0x000000070c000000| Untracked |  0
|  82|0x000000070c200000, 0x000000070c200000, 0x000000070c400000|  0%| F|  |TAMS 0x000000070c200000| PB 0x000000070c200000| Untracked |  0
|  83|0x000000070c400000, 0x000000070c400000, 0x000000070c600000|  0%| F|  |TAMS 0x000000070c400000| PB 0x000000070c400000| Untracked |  0
|  84|0x000000070c600000, 0x000000070c600000, 0x000000070c800000|  0%| F|  |TAMS 0x000000070c600000| PB 0x000000070c600000| Untracked |  0
|  85|0x000000070c800000, 0x000000070c800000, 0x000000070ca00000|  0%| F|  |TAMS 0x000000070c800000| PB 0x000000070c800000| Untracked |  0
|  86|0x000000070ca00000, 0x000000070ca00000, 0x000000070cc00000|  0%| F|  |TAMS 0x000000070ca00000| PB 0x000000070ca00000| Untracked |  0
|  87|0x000000070cc00000, 0x000000070cc00000, 0x000000070ce00000|  0%| F|  |TAMS 0x000000070cc00000| PB 0x000000070cc00000| Untracked |  0
|  88|0x000000070ce00000, 0x000000070ce00000, 0x000000070d000000|  0%| F|  |TAMS 0x000000070ce00000| PB 0x000000070ce00000| Untracked |  0
|  89|0x000000070d000000, 0x000000070d000000, 0x000000070d200000|  0%| F|  |TAMS 0x000000070d000000| PB 0x000000070d000000| Untracked |  0
|  90|0x000000070d200000, 0x000000070d200000, 0x000000070d400000|  0%| F|  |TAMS 0x000000070d200000| PB 0x000000070d200000| Untracked |  0
|  91|0x000000070d400000, 0x000000070d400000, 0x000000070d600000|  0%| F|  |TAMS 0x000000070d400000| PB 0x000000070d400000| Untracked |  0
|  92|0x000000070d600000, 0x000000070d600000, 0x000000070d800000|  0%| F|  |TAMS 0x000000070d600000| PB 0x000000070d600000| Untracked |  0
|  93|0x000000070d800000, 0x000000070d800000, 0x000000070da00000|  0%| F|  |TAMS 0x000000070d800000| PB 0x000000070d800000| Untracked |  0
|  94|0x000000070da00000, 0x000000070da00000, 0x000000070dc00000|  0%| F|  |TAMS 0x000000070da00000| PB 0x000000070da00000| Untracked |  0
|  95|0x000000070dc00000, 0x000000070dc00000, 0x000000070de00000|  0%| F|  |TAMS 0x000000070dc00000| PB 0x000000070dc00000| Untracked |  0
|  96|0x000000070de00000, 0x000000070de00000, 0x000000070e000000|  0%| F|  |TAMS 0x000000070de00000| PB 0x000000070de00000| Untracked |  0
|  97|0x000000070e000000, 0x000000070e000000, 0x000000070e200000|  0%| F|  |TAMS 0x000000070e000000| PB 0x000000070e000000| Untracked |  0
|  98|0x000000070e200000, 0x000000070e200000, 0x000000070e400000|  0%| F|  |TAMS 0x000000070e200000| PB 0x000000070e200000| Untracked |  0
|  99|0x000000070e400000, 0x000000070e400000, 0x000000070e600000|  0%| F|  |TAMS 0x000000070e400000| PB 0x000000070e400000| Untracked |  0
| 100|0x000000070e600000, 0x000000070e600000, 0x000000070e800000|  0%| F|  |TAMS 0x000000070e600000| PB 0x000000070e600000| Untracked |  0
| 101|0x000000070e800000, 0x000000070e800000, 0x000000070ea00000|  0%| F|  |TAMS 0x000000070e800000| PB 0x000000070e800000| Untracked |  0
| 102|0x000000070ea00000, 0x000000070ea00000, 0x000000070ec00000|  0%| F|  |TAMS 0x000000070ea00000| PB 0x000000070ea00000| Untracked |  0
| 103|0x000000070ec00000, 0x000000070ec00000, 0x000000070ee00000|  0%| F|  |TAMS 0x000000070ec00000| PB 0x000000070ec00000| Untracked |  0
| 104|0x000000070ee00000, 0x000000070ee00000, 0x000000070f000000|  0%| F|  |TAMS 0x000000070ee00000| PB 0x000000070ee00000| Untracked |  0
| 105|0x000000070f000000, 0x000000070f000000, 0x000000070f200000|  0%| F|  |TAMS 0x000000070f000000| PB 0x000000070f000000| Untracked |  0
| 106|0x000000070f200000, 0x000000070f200000, 0x000000070f400000|  0%| F|  |TAMS 0x000000070f200000| PB 0x000000070f200000| Untracked |  0
| 107|0x000000070f400000, 0x000000070f400000, 0x000000070f600000|  0%| F|  |TAMS 0x000000070f400000| PB 0x000000070f400000| Untracked |  0
| 108|0x000000070f600000, 0x000000070f600000, 0x000000070f800000|  0%| F|  |TAMS 0x000000070f600000| PB 0x000000070f600000| Untracked |  0
| 109|0x000000070f800000, 0x000000070f800000, 0x000000070fa00000|  0%| F|  |TAMS 0x000000070f800000| PB 0x000000070f800000| Untracked |  0
| 110|0x000000070fa00000, 0x000000070fa00000, 0x000000070fc00000|  0%| F|  |TAMS 0x000000070fa00000| PB 0x000000070fa00000| Untracked |  0
| 111|0x000000070fc00000, 0x000000070fc00000, 0x000000070fe00000|  0%| F|  |TAMS 0x000000070fc00000| PB 0x000000070fc00000| Untracked |  0
| 112|0x000000070fe00000, 0x000000070fe00000, 0x0000000710000000|  0%| F|  |TAMS 0x000000070fe00000| PB 0x000000070fe00000| Untracked |  0
| 113|0x0000000710000000, 0x0000000710000000, 0x0000000710200000|  0%| F|  |TAMS 0x0000000710000000| PB 0x0000000710000000| Untracked |  0
| 114|0x0000000710200000, 0x0000000710200000, 0x0000000710400000|  0%| F|  |TAMS 0x0000000710200000| PB 0x0000000710200000| Untracked |  0
| 115|0x0000000710400000, 0x0000000710400000, 0x0000000710600000|  0%| F|  |TAMS 0x0000000710400000| PB 0x0000000710400000| Untracked |  0
| 116|0x0000000710600000, 0x0000000710600000, 0x0000000710800000|  0%| F|  |TAMS 0x0000000710600000| PB 0x0000000710600000| Untracked |  0
| 117|0x0000000710800000, 0x0000000710800000, 0x0000000710a00000|  0%| F|  |TAMS 0x0000000710800000| PB 0x0000000710800000| Untracked |  0
| 118|0x0000000710a00000, 0x0000000710b70ac0, 0x0000000710c00000| 72%| E|  |TAMS 0x0000000710a00000| PB 0x0000000710a00000| Complete |  0
| 119|0x0000000710c00000, 0x0000000710e00000, 0x0000000710e00000|100%| E|CS|TAMS 0x0000000710c00000| PB 0x0000000710c00000| Complete |  0
| 120|0x0000000710e00000, 0x0000000711000000, 0x0000000711000000|100%| E|CS|TAMS 0x0000000710e00000| PB 0x0000000710e00000| Complete |  0
| 121|0x0000000711000000, 0x0000000711200000, 0x0000000711200000|100%| E|CS|TAMS 0x0000000711000000| PB 0x0000000711000000| Complete |  0
| 122|0x0000000711200000, 0x0000000711400000, 0x0000000711400000|100%| E|CS|TAMS 0x0000000711200000| PB 0x0000000711200000| Complete |  0
| 123|0x0000000711400000, 0x0000000711600000, 0x0000000711600000|100%| E|CS|TAMS 0x0000000711400000| PB 0x0000000711400000| Complete |  0
| 124|0x0000000711600000, 0x0000000711800000, 0x0000000711800000|100%| E|CS|TAMS 0x0000000711600000| PB 0x0000000711600000| Complete |  0
| 125|0x0000000711800000, 0x0000000711a00000, 0x0000000711a00000|100%| E|CS|TAMS 0x0000000711800000| PB 0x0000000711800000| Complete |  0
| 126|0x0000000711a00000, 0x0000000711c00000, 0x0000000711c00000|100%| E|CS|TAMS 0x0000000711a00000| PB 0x0000000711a00000| Complete |  0
| 127|0x0000000711c00000, 0x0000000711e00000, 0x0000000711e00000|100%| E|CS|TAMS 0x0000000711c00000| PB 0x0000000711c00000| Complete |  0

Card table byte_map: [0x00000276a9960000,0x00000276aa160000] _byte_map_base: 0x00000276a6151000

Marking Bits: (CMBitMap*) 0x000002768fa0db80
 Bits: [0x00000276aa160000, 0x00000276ae0e8000)

Polling page: 0x000002768fa60000

Metaspace:

Usage:
  Non-class:      8.10 MB used.
      Class:      1.00 MB used.
       Both:      9.10 MB used.

Virtual space:
  Non-class space:       64.00 MB reserved,       8.19 MB ( 13%) committed,  1 nodes.
      Class space:        1.00 GB reserved,       1.06 MB ( <1%) committed,  1 nodes.
             Both:        1.06 GB reserved,       9.25 MB ( <1%) committed. 

Chunk freelists:
   Non-Class:  7.00 MB
       Class:  14.75 MB
        Both:  21.75 MB

MaxMetaspaceSize: unlimited
CompressedClassSpaceSize: 1.00 GB
Initial GC threshold: 21.00 MB
Current GC threshold: 21.00 MB
CDS: on
 - commit_granule_bytes: 65536.
 - commit_granule_words: 8192.
 - virtual_space_node_default_size: 8388608.
 - enlarge_chunks_in_place: 1.
 - use_allocation_guard: 0.


Internal statistics:

num_allocs_failed_limit: 0.
num_arena_births: 62.
num_arena_deaths: 0.
num_vsnodes_births: 2.
num_vsnodes_deaths: 0.
num_space_committed: 148.
num_space_uncommitted: 0.
num_chunks_returned_to_freelist: 0.
num_chunks_taken_from_freelist: 129.
num_chunk_merges: 0.
num_chunk_splits: 73.
num_chunks_enlarged: 43.
num_inconsistent_stats: 0.

CodeHeap 'non-profiled nmethods': size=120000Kb used=450Kb max_used=450Kb free=119549Kb
 bounds [0x00000276a0fa0000, 0x00000276a1210000, 0x00000276a84d0000]
CodeHeap 'profiled nmethods': size=120000Kb used=2150Kb max_used=2150Kb free=117850Kb
 bounds [0x00000276994d0000, 0x0000027699740000, 0x00000276a0a00000]
CodeHeap 'non-nmethods': size=5760Kb used=1442Kb max_used=1470Kb free=4317Kb
 bounds [0x00000276a0a00000, 0x00000276a0c70000, 0x00000276a0fa0000]
 total_blobs=1826 nmethods=1303 adapters=428
 compilation: enabled
              stopped_count=0, restarted_count=0
 full_count=0

Compilation events (20 events):
Event: 1.257 Thread 0x00000276f6cc4920 nmethod 1284 0x00000276a100be10 code [0x00000276a100bfe0, 0x00000276a100c470]
Event: 1.258 Thread 0x00000276f6cc4920 1293       4       sun.security.ec.point.ProjectivePoint$Mutable::conditionalSet (53 bytes)
Event: 1.258 Thread 0x00000276f6222570 nmethod 1274 0x00000276a100c710 code [0x00000276a100c8c0, 0x00000276a100d3b8]
Event: 1.258 Thread 0x00000276f6222570 1283       4       sun.security.util.math.intpoly.IntegerPolynomialP256::reduce (40 bytes)
Event: 1.259 Thread 0x00000276f6222570 nmethod 1283 0x00000276a100d610 code [0x00000276a100d7a0, 0x00000276a100d8d8]
Event: 1.259 Thread 0x00000276f6222570 1299       4       sun.security.ec.ECOperations$PointMultiplier::lookup (84 bytes)
Event: 1.264 Thread 0x00000276f60234e0 1301       3       sun.security.util.math.intpoly.IntegerPolynomial::get0 (10 bytes)
Event: 1.264 Thread 0x00000276f60234e0 nmethod 1301 0x00000276996e8590 code [0x00000276996e8740, 0x00000276996e8948]
Event: 1.264 Thread 0x00000276f60234e0 1302       3       sun.security.util.math.intpoly.IntegerPolynomial::get0 (5 bytes)
Event: 1.264 Thread 0x00000276f60234e0 nmethod 1302 0x00000276996e8a90 code [0x00000276996e8c40, 0x00000276996e8f30]
Event: 1.267 Thread 0x00000276f601ee20 nmethod 1289 0x00000276a100da10 code [0x00000276a100dba0, 0x00000276a100e130]
Event: 1.267 Thread 0x00000276f601ee20 1300       4       sun.security.ec.ECOperations::setDouble (463 bytes)
Event: 1.290 Thread 0x00000276f6cc4920 nmethod 1293 0x00000276a100e290 code [0x00000276a100e480, 0x00000276a100edf8]
Event: 1.290 Thread 0x00000276f6cc4920 1303       4       sun.security.util.math.intpoly.IntegerPolynomial$MutableElement::setAdditiveInverse (32 bytes)
Event: 1.294 Thread 0x00000276f6cc4920 nmethod 1303 0x00000276a100f290 code [0x00000276a100f420, 0x00000276a100f600]
Event: 1.297 Thread 0x00000276f6222570 nmethod 1299 0x00000276a100f710 code [0x00000276a100f900, 0x00000276a1010428]
Event: 1.299 Thread 0x00000276f60234e0 1304       3       sun.security.ec.ECOperations$PointMultiplier$Secp256R1GeneratorMultiplier::bit (13 bytes)
Event: 1.299 Thread 0x00000276f60234e0 nmethod 1304 0x00000276996e9090 code [0x00000276996e9220, 0x00000276996e9348]
Event: 1.300 Thread 0x00000276f60234e0 1305       3       java.util.LinkedList$ListItr::hasNext (20 bytes)
Event: 1.300 Thread 0x00000276f60234e0 nmethod 1305 0x00000276996e9410 code [0x00000276996e95a0, 0x00000276996e9710]

GC Heap History (0 events):
No events

Dll operation events (11 events):
Event: 0.009 Loaded shared library C:\Program Files\Java\jdk-22\bin\java.dll
Event: 0.055 Loaded shared library C:\Program Files\Java\jdk-22\bin\jsvml.dll
Event: 0.173 Loaded shared library C:\Program Files\Java\jdk-22\bin\zip.dll
Event: 0.177 Loaded shared library C:\Program Files\Java\jdk-22\bin\instrument.dll
Event: 0.186 Loaded shared library C:\Program Files\Java\jdk-22\bin\net.dll
Event: 0.189 Loaded shared library C:\Program Files\Java\jdk-22\bin\nio.dll
Event: 0.194 Loaded shared library C:\Program Files\Java\jdk-22\bin\zip.dll
Event: 0.210 Loaded shared library D:\program files\JetBrains\IntelliJ IDEA 2024.1.1\bin\breakgen64.dll
Event: 0.229 Loaded shared library C:\Program Files\Java\jdk-22\bin\extnet.dll
Event: 0.360 Loaded shared library C:\Program Files\Java\jdk-22\bin\jimage.dll
Event: 0.887 Loaded shared library C:\Program Files\Java\jdk-22\bin\sunmscapi.dll

Deoptimization events (20 events):
Event: 0.588 Thread 0x000002768f7da100 DEOPT PACKING pc=0x00000276a0fcc4c4 sp=0x000000eec95fd130
Event: 0.589 Thread 0x000002768f7da100 DEOPT UNPACKING pc=0x00000276a0a546a2 sp=0x000000eec95fd0c0 mode 2
Event: 0.720 Thread 0x000002768f7da100 Uncommon trap: trap_request=0xffffff45 fr.pc=0x00000276a0fb52b4 relative=0x0000000000000194
Event: 0.720 Thread 0x000002768f7da100 Uncommon trap: reason=unstable_if action=reinterpret pc=0x00000276a0fb52b4 method=jdk.internal.util.ArraysSupport.vectorizedHashCode(Ljava/lang/Object;IIII)I @ 2 c2
Event: 0.720 Thread 0x000002768f7da100 DEOPT PACKING pc=0x00000276a0fb52b4 sp=0x000000eec95fb7a0
Event: 0.720 Thread 0x000002768f7da100 DEOPT UNPACKING pc=0x00000276a0a546a2 sp=0x000000eec95fb750 mode 2
Event: 0.749 Thread 0x000002768f7da100 DEOPT PACKING pc=0x0000027699613f8b sp=0x000000eec95fc680
Event: 0.749 Thread 0x000002768f7da100 DEOPT UNPACKING pc=0x00000276a0a54e42 sp=0x000000eec95fbaf8 mode 0
Event: 0.751 Thread 0x000002768f7da100 DEOPT PACKING pc=0x0000027699613f8b sp=0x000000eec95fc4c0
Event: 0.751 Thread 0x000002768f7da100 DEOPT UNPACKING pc=0x00000276a0a54e42 sp=0x000000eec95fb938 mode 0
Event: 0.752 Thread 0x000002768f7da100 DEOPT PACKING pc=0x0000027699613f8b sp=0x000000eec95fc4c0
Event: 0.752 Thread 0x000002768f7da100 DEOPT UNPACKING pc=0x00000276a0a54e42 sp=0x000000eec95fb938 mode 0
Event: 0.753 Thread 0x000002768f7da100 DEOPT PACKING pc=0x0000027699613f8b sp=0x000000eec95fc4c0
Event: 0.753 Thread 0x000002768f7da100 DEOPT UNPACKING pc=0x00000276a0a54e42 sp=0x000000eec95fb938 mode 0
Event: 0.802 Thread 0x000002768f7da100 DEOPT PACKING pc=0x0000027699622c6a sp=0x000000eec95fc6d0
Event: 0.802 Thread 0x000002768f7da100 DEOPT UNPACKING pc=0x00000276a0a54e42 sp=0x000000eec95fbb08 mode 0
Event: 0.902 Thread 0x000002768f7da100 Uncommon trap: trap_request=0xffffff45 fr.pc=0x00000276a0fe7a00 relative=0x0000000000000260
Event: 0.902 Thread 0x000002768f7da100 Uncommon trap: reason=unstable_if action=reinterpret pc=0x00000276a0fe7a00 method=java.util.HashMap.putVal(ILjava/lang/Object;Ljava/lang/Object;ZZ)Ljava/lang/Object; @ 162 c2
Event: 0.902 Thread 0x000002768f7da100 DEOPT PACKING pc=0x00000276a0fe7a00 sp=0x000000eec95fb730
Event: 0.902 Thread 0x000002768f7da100 DEOPT UNPACKING pc=0x00000276a0a546a2 sp=0x000000eec95fb688 mode 2

Classes loaded (20 events):
Event: 1.200 Loading class sun/security/ec/ECOperations$PointMultiplier$Secp256R1GeneratorMultiplier
Event: 1.200 Loading class sun/security/ec/ECOperations$PointMultiplier$Secp256R1GeneratorMultiplier done
Event: 1.200 Loading class sun/security/ec/point/ProjectivePoint$Mutable
Event: 1.200 Loading class sun/security/ec/point/MutablePoint
Event: 1.201 Loading class sun/security/ec/point/MutablePoint done
Event: 1.201 Loading class sun/security/ec/point/ProjectivePoint$Mutable done
Event: 1.201 Loading class sun/security/ec/ECOperations$PointMultiplier$Secp256R1GeneratorMultiplier$P256
Event: 1.201 Loading class sun/security/ec/ECOperations$PointMultiplier$Secp256R1GeneratorMultiplier$P256 done
Event: 1.201 Loading class sun/security/ec/ECOperations$PointMultiplier$Default
Event: 1.201 Loading class sun/security/ec/ECOperations$PointMultiplier$Default done
Event: 1.205 Loading class sun/security/util/math/IntegerModuloP$MultiplicativeInverser$Secp256R1
Event: 1.205 Loading class sun/security/util/math/IntegerModuloP$MultiplicativeInverser$Secp256R1 done
Event: 1.300 Loading class sun/security/ssl/KeyShareExtension$CHKeyShareSpec
Event: 1.300 Loading class sun/security/ssl/KeyShareExtension$CHKeyShareSpec done
Event: 1.301 Loading class sun/security/ssl/OutputRecord$T13PaddingHolder
Event: 1.302 Loading class sun/security/ssl/OutputRecord$T13PaddingHolder done
Event: 1.302 Loading class sun/security/ssl/ContentType
Event: 1.303 Loading class sun/security/ssl/ContentType done
Event: 1.303 Loading class jdk/internal/event/SocketWriteEvent
Event: 1.303 Loading class jdk/internal/event/SocketWriteEvent done

Classes unloaded (0 events):
No events

Classes redefined (0 events):
No events

Internal exceptions (11 events):
Event: 0.196 Thread 0x000002768f7da100 Exception <a 'java/lang/NoSuchMethodError'{0x0000000711b380c8}: 'void java.lang.invoke.DirectMethodHandle$Holder.invokeStatic(java.lang.Object, java.lang.Object, java.lang.Object)'> (0x0000000711b380c8) 
thrown [s\open\src\hotspot\share\interpreter\linkResolver.cpp, line 774]
Event: 0.205 Thread 0x000002768f7da100 Exception <a 'java/lang/NoSuchMethodError'{0x0000000711b4fb60}: 'java.lang.Object java.lang.invoke.Invokers$Holder.invokeExact_MT(java.lang.Object, java.lang.Object, java.lang.Object, java.lang.Object, java.lang.Object)'> (0x0000000711b4fb60) 
thrown [s\open\src\hotspot\share\interpreter\linkResolver.cpp, line 774]
Event: 0.232 Thread 0x000002768f7da100 Exception <a 'java/lang/NoSuchMethodError'{0x0000000711b68790}: 'void java.lang.invoke.DirectMethodHandle$Holder.invokeStatic(java.lang.Object, java.lang.Object)'> (0x0000000711b68790) 
thrown [s\open\src\hotspot\share\interpreter\linkResolver.cpp, line 774]
Event: 0.232 Thread 0x00000276f6278ff0 Exception <a 'java/lang/NoSuchMethodError'{0x0000000711b75368}: 'void java.lang.invoke.DirectMethodHandle$Holder.invokeStatic(java.lang.Object, java.lang.Object)'> (0x0000000711b75368) 
thrown [s\open\src\hotspot\share\interpreter\linkResolver.cpp, line 774]
Event: 0.473 Thread 0x000002768f7da100 Exception <a 'java/lang/NoSuchMethodError'{0x00000007117b5d80}: 'void java.lang.invoke.Invokers$Holder.invokeExact_MT(java.lang.Object, java.lang.Object, java.lang.Object, java.lang.Object)'> (0x00000007117b5d80) 
thrown [s\open\src\hotspot\share\interpreter\linkResolver.cpp, line 774]
Event: 0.503 Thread 0x000002768f7da100 Exception <a 'java/lang/NoSuchMethodError'{0x000000071140f6b8}: 'java.lang.Object java.lang.invoke.DirectMethodHandle$Holder.invokeInterface(java.lang.Object, java.lang.Object)'> (0x000000071140f6b8) 
thrown [s\open\src\hotspot\share\interpreter\linkResolver.cpp, line 774]
Event: 0.655 Thread 0x000002768f7da100 Exception <a 'sun/nio/fs/WindowsException'{0x00000007115a4c48}> (0x00000007115a4c48) 
thrown [s\open\src\hotspot\share\prims\jni.cpp, line 520]
Event: 0.715 Thread 0x000002768f7da100 Exception <a 'java/lang/NoSuchMethodError'{0x00000007113cb148}: 'void java.lang.invoke.DirectMethodHandle$Holder.invokeVirtual(java.lang.Object, java.lang.Object)'> (0x00000007113cb148) 
thrown [s\open\src\hotspot\share\interpreter\linkResolver.cpp, line 774]
Event: 0.787 Thread 0x000002768f7da100 Exception <a 'java/lang/NoSuchMethodError'{0x0000000710fe94f8}: 'java.lang.Object java.lang.invoke.DirectMethodHandle$Holder.invokeStaticInit(java.lang.Object, int, int, int, int)'> (0x0000000710fe94f8) 
thrown [s\open\src\hotspot\share\interpreter\linkResolver.cpp, line 774]
Event: 0.810 Thread 0x000002768f7da100 Exception <a 'java/lang/NoSuchMethodError'{0x0000000710c3e610}: 'java.lang.Object java.lang.invoke.DirectMethodHandle$Holder.invokeStaticInit(java.lang.Object, java.lang.Object, int, int, int, int)'> (0x0000000710c3e610) 
thrown [s\open\src\hotspot\share\interpreter\linkResolver.cpp, line 774]
Event: 1.148 Thread 0x00000276f6011140 Exception <a 'java/lang/NoSuchMethodError'{0x0000000710a0de38}: 'java.lang.Object java.lang.invoke.Invokers$Holder.invokeExact_MT(java.lang.Object, java.lang.Object, java.lang.Object, java.lang.Object, java.lang.Object, java.lang.Object)'> (0x0000000710a0de38) 
thrown [s\open\src\hotspot\share\interpreter\linkResolver.cpp, line 774]

ZGC Phase Switch (0 events):
No events

VM Operations (16 events):
Event: 0.151 Executing VM operation: HandshakeAllThreads (Deoptimize)
Event: 0.151 Executing VM operation: HandshakeAllThreads (Deoptimize) done
Event: 0.529 Executing VM operation: HandshakeAllThreads (Deoptimize)
Event: 0.529 Executing VM operation: HandshakeAllThreads (Deoptimize) done
Event: 0.552 Executing VM operation: HandshakeAllThreads (Deoptimize)
Event: 0.552 Executing VM operation: HandshakeAllThreads (Deoptimize) done
Event: 0.563 Executing VM operation: HandshakeAllThreads (Deoptimize)
Event: 0.564 Executing VM operation: HandshakeAllThreads (Deoptimize) done
Event: 0.585 Executing VM operation: HandshakeAllThreads (Deoptimize)
Event: 0.585 Executing VM operation: HandshakeAllThreads (Deoptimize) done
Event: 1.120 Executing VM operation: HandshakeAllThreads (Deoptimize)
Event: 1.121 Executing VM operation: HandshakeAllThreads (Deoptimize) done
Event: 1.121 Executing VM operation: Cleanup
Event: 1.121 Executing VM operation: Cleanup done
Event: 1.133 Executing VM operation: HandshakeAllThreads (Deoptimize)
Event: 1.134 Executing VM operation: HandshakeAllThreads (Deoptimize) done

Events (16 events):
Event: 0.027 Thread 0x000002768f7da100 Thread added: 0x000002768f7da100
Event: 0.051 Thread 0x00000276f600c480 Thread added: 0x00000276f600c480
Event: 0.051 Thread 0x00000276f600cf60 Thread added: 0x00000276f600cf60
Event: 0.051 Thread 0x00000276f6010ad0 Thread added: 0x00000276f6010ad0
Event: 0.051 Thread 0x00000276f6011140 Thread added: 0x00000276f6011140
Event: 0.052 Thread 0x00000276f6011960 Thread added: 0x00000276f6011960
Event: 0.052 Thread 0x00000276f60162c0 Thread added: 0x00000276f60162c0
Event: 0.052 Thread 0x00000276f601ee20 Thread added: 0x00000276f601ee20
Event: 0.052 Thread 0x00000276f60234e0 Thread added: 0x00000276f60234e0
Event: 0.136 Thread 0x00000276b09b8760 Thread added: 0x00000276b09b8760
Event: 0.169 Thread 0x00000276f6222570 Thread added: 0x00000276f6222570
Event: 0.210 Thread 0x00000276f6278ff0 Thread added: 0x00000276f6278ff0
Event: 0.211 Thread 0x00000276f627d670 Thread added: 0x00000276f627d670
Event: 1.094 Thread 0x00000276f6222570 Thread exited: 0x00000276f6222570
Event: 1.104 Thread 0x00000276f6222570 Thread added: 0x00000276f6222570
Event: 1.117 Thread 0x00000276f6cc4920 Thread added: 0x00000276f6cc4920


Dynamic libraries:
0x00007ff6a52a0000 - 0x00007ff6a52b0000 	C:\Program Files\Java\jdk-22\bin\java.exe
0x00007ff9c0b50000 - 0x00007ff9c0d67000 	C:\WINDOWS\SYSTEM32\ntdll.dll
0x00007ff9bf930000 - 0x00007ff9bf9f4000 	C:\WINDOWS\System32\KERNEL32.DLL
0x00007ff9be150000 - 0x00007ff9be4fd000 	C:\WINDOWS\System32\KERNELBASE.dll
0x00007ff9be030000 - 0x00007ff9be141000 	C:\WINDOWS\System32\ucrtbase.dll
0x00007ff9b9290000 - 0x00007ff9b92a7000 	C:\Program Files\Java\jdk-22\bin\jli.dll
0x00007ff9b9380000 - 0x00007ff9b939b000 	C:\Program Files\Java\jdk-22\bin\VCRUNTIME140.dll
0x00007ff9bf870000 - 0x00007ff9bf922000 	C:\WINDOWS\System32\ADVAPI32.dll
0x00007ff9c0a50000 - 0x00007ff9c0af7000 	C:\WINDOWS\System32\msvcrt.dll
0x00007ff9be9f0000 - 0x00007ff9bea99000 	C:\WINDOWS\System32\sechost.dll
0x00007ff9be670000 - 0x00007ff9be698000 	C:\WINDOWS\System32\bcrypt.dll
0x00007ff9beb80000 - 0x00007ff9bec94000 	C:\WINDOWS\System32\RPCRT4.dll
0x00007ff9c07e0000 - 0x00007ff9c098e000 	C:\WINDOWS\System32\USER32.dll
0x00007ff9be740000 - 0x00007ff9be766000 	C:\WINDOWS\System32\win32u.dll
0x00007ff99a0e0000 - 0x00007ff99a373000 	C:\WINDOWS\WinSxS\amd64_microsoft.windows.common-controls_6595b64144ccf1df_6.0.22621.3672_none_2713b9d173822955\COMCTL32.dll
0x00007ff9bf740000 - 0x00007ff9bf769000 	C:\WINDOWS\System32\GDI32.dll
0x00007ff9be770000 - 0x00007ff9be889000 	C:\WINDOWS\System32\gdi32full.dll
0x00007ff9be6a0000 - 0x00007ff9be73a000 	C:\WINDOWS\System32\msvcp_win.dll
0x00007ff9b56d0000 - 0x00007ff9b56da000 	C:\WINDOWS\SYSTEM32\VERSION.dll
0x00007ff9beaa0000 - 0x00007ff9bead1000 	C:\WINDOWS\System32\IMM32.DLL
0x00007ff9b9370000 - 0x00007ff9b937c000 	C:\Program Files\Java\jdk-22\bin\vcruntime140_1.dll
0x00007ff9a8bf0000 - 0x00007ff9a8c7e000 	C:\Program Files\Java\jdk-22\bin\msvcp140.dll
0x00007ff960220000 - 0x00007ff960f67000 	C:\Program Files\Java\jdk-22\bin\server\jvm.dll
0x00007ff9beaf0000 - 0x00007ff9beb61000 	C:\WINDOWS\System32\WS2_32.dll
0x00007ff9b6570000 - 0x00007ff9b65a4000 	C:\WINDOWS\SYSTEM32\WINMM.dll
0x00007ff9bdb90000 - 0x00007ff9bdbdd000 	C:\WINDOWS\SYSTEM32\POWRPROF.dll
0x00007ff9bdb70000 - 0x00007ff9bdb83000 	C:\WINDOWS\SYSTEM32\UMPDC.dll
0x00007ff9bce70000 - 0x00007ff9bce88000 	C:\WINDOWS\SYSTEM32\kernel.appcore.dll
0x00007ff9b9280000 - 0x00007ff9b928a000 	C:\Program Files\Java\jdk-22\bin\jimage.dll
0x00007ff9bb760000 - 0x00007ff9bb992000 	C:\WINDOWS\SYSTEM32\DBGHELP.DLL
0x00007ff9c0380000 - 0x00007ff9c0708000 	C:\WINDOWS\System32\combase.dll
0x00007ff9c01f0000 - 0x00007ff9c02c7000 	C:\WINDOWS\System32\OLEAUT32.dll
0x00007ff9a4440000 - 0x00007ff9a4472000 	C:\WINDOWS\SYSTEM32\dbgcore.DLL
0x00007ff9bde80000 - 0x00007ff9bdefb000 	C:\WINDOWS\System32\bcryptPrimitives.dll
0x00007ff9b8f30000 - 0x00007ff9b8f3f000 	C:\Program Files\Java\jdk-22\bin\instrument.dll
0x00007ff9b8f40000 - 0x00007ff9b8f5e000 	C:\Program Files\Java\jdk-22\bin\java.dll
0x00007ff9beee0000 - 0x00007ff9bf73f000 	C:\WINDOWS\System32\SHELL32.dll
0x00007ff9beca0000 - 0x00007ff9bee45000 	C:\WINDOWS\System32\ole32.dll
0x00007ff9bbd80000 - 0x00007ff9bc67c000 	C:\WINDOWS\SYSTEM32\windows.storage.dll
0x00007ff9bbc40000 - 0x00007ff9bbd7f000 	C:\WINDOWS\SYSTEM32\wintypes.dll
0x00007ff9c00d0000 - 0x00007ff9c01c4000 	C:\WINDOWS\System32\SHCORE.dll
0x00007ff9c0990000 - 0x00007ff9c09ee000 	C:\WINDOWS\System32\shlwapi.dll
0x00007ff9bddb0000 - 0x00007ff9bddd1000 	C:\WINDOWS\SYSTEM32\profapi.dll
0x00007ff9a8b10000 - 0x00007ff9a8be7000 	C:\Program Files\Java\jdk-22\bin\jsvml.dll
0x00007ff9b8060000 - 0x00007ff9b8077000 	C:\Program Files\Java\jdk-22\bin\zip.dll
0x00007ff9b8c30000 - 0x00007ff9b8c40000 	C:\Program Files\Java\jdk-22\bin\net.dll
0x00007ff9bd2d0000 - 0x00007ff9bd339000 	C:\WINDOWS\system32\mswsock.dll
0x00007ff9b85c0000 - 0x00007ff9b85d6000 	C:\Program Files\Java\jdk-22\bin\nio.dll
0x00007ff999d70000 - 0x00007ff999d8a000 	D:\program files\JetBrains\IntelliJ IDEA 2024.1.1\bin\breakgen64.dll
0x00007ff9b8000000 - 0x00007ff9b8009000 	C:\Program Files\Java\jdk-22\bin\extnet.dll
0x00007ff9bd570000 - 0x00007ff9bd58b000 	C:\WINDOWS\SYSTEM32\CRYPTSP.dll
0x00007ff9bcdd0000 - 0x00007ff9bce05000 	C:\WINDOWS\system32\rsaenh.dll
0x00007ff9bd370000 - 0x00007ff9bd398000 	C:\WINDOWS\SYSTEM32\USERENV.dll
0x00007ff9bd4d0000 - 0x00007ff9bd4dc000 	C:\WINDOWS\SYSTEM32\CRYPTBASE.dll
0x00007ff9bc920000 - 0x00007ff9bc94d000 	C:\WINDOWS\SYSTEM32\IPHLPAPI.DLL
0x00007ff9beb70000 - 0x00007ff9beb79000 	C:\WINDOWS\System32\NSI.dll
0x00007ff9b5a70000 - 0x00007ff9b5a7e000 	C:\Program Files\Java\jdk-22\bin\sunmscapi.dll
0x00007ff9be500000 - 0x00007ff9be667000 	C:\WINDOWS\System32\CRYPT32.dll
0x00007ff9bd740000 - 0x00007ff9bd76e000 	C:\WINDOWS\SYSTEM32\ncrypt.dll
0x00007ff9bd700000 - 0x00007ff9bd737000 	C:\WINDOWS\SYSTEM32\NTASN1.dll
0x00007ff9bc950000 - 0x00007ff9bca48000 	C:\WINDOWS\SYSTEM32\DNSAPI.dll
0x00007ff9b5d60000 - 0x00007ff9b5d6a000 	C:\Windows\System32\rasadhlp.dll
0x00007ff9b5b20000 - 0x00007ff9b5ba3000 	C:\WINDOWS\System32\fwpuclnt.dll

dbghelp: loaded successfully - version: 4.0.5 - missing functions: none
symbol engine: initialized successfully - sym options: 0x614 - pdb path: .;C:\Program Files\Java\jdk-22\bin;C:\WINDOWS\SYSTEM32;C:\WINDOWS\WinSxS\amd64_microsoft.windows.common-controls_6595b64144ccf1df_6.0.22621.3672_none_2713b9d173822955;C:\Program Files\Java\jdk-22\bin\server;D:\program files\JetBrains\IntelliJ IDEA 2024.1.1\bin

VM Arguments:
jvm_args: -ea -Didea.test.cyclic.buffer.size=1048576 -javaagent:D:\program files\JetBrains\IntelliJ IDEA 2024.1.1\lib\idea_rt.jar=58477:D:\program files\JetBrains\IntelliJ IDEA 2024.1.1\bin -Dfile.encoding=UTF-8 -Dsun.stdout.encoding=UTF-8 -Dsun.stderr.encoding=UTF-8 
java_command: com.intellij.rt.testng.RemoteTestNGStarter -usedefaultlisteners false -socket58476 @w@C:\Users\Mido\AppData\Local\Temp\idea_working_dirs_testng.tmp -temp C:\Users\Mido\AppData\Local\Temp\idea_testng.tmp
java_class_path (initial): D:\program files\JetBrains\IntelliJ IDEA 2024.1.1\lib\idea_rt.jar;D:\program files\JetBrains\IntelliJ IDEA 2024.1.1\plugins\testng\lib\testng-rt.jar;D:\program files\JetBrains\IntelliJ IDEA 2024.1.1\IdeaProjects\AppiumTAU\target\test-classes;D:\program files\JetBrains\IntelliJ IDEA 2024.1.1\IdeaProjects\AppiumTAU\target\classes;C:\Users\Mido\.m2\repository\io\appium\java-client\7.4.1\java-client-7.4.1.jar;C:\Users\Mido\.m2\repository\org\seleniumhq\selenium\selenium-java\3.141.59\selenium-java-3.141.59.jar;C:\Users\Mido\.m2\repository\org\seleniumhq\selenium\selenium-chrome-driver\3.141.59\selenium-chrome-driver-3.141.59.jar;C:\Users\Mido\.m2\repository\org\seleniumhq\selenium\selenium-edge-driver\3.141.59\selenium-edge-driver-3.141.59.jar;C:\Users\Mido\.m2\repository\org\seleniumhq\selenium\selenium-firefox-driver\3.141.59\selenium-firefox-driver-3.141.59.jar;C:\Users\Mido\.m2\repository\org\seleniumhq\selenium\selenium-ie-driver\3.141.59\selenium-ie-driver-3.141.59.jar;C:\Users\Mido\.m2\repository\org\seleniumhq\selenium\selenium-opera-driver\3.141.59\selenium-opera-driver-3.141.59.jar;C:\Users\Mido\.m2\repository\org\seleniumhq\selenium\selenium-remote-driver\3.141.59\selenium-remote-driver-3.141.59.jar;C:\Users\Mido\.m2\repository\org\seleniumhq\selenium\selenium-safari-driver\3.141.59\selenium-safari-driver-3.141.59.jar;C:\Users\Mido\.m2\repository\net\bytebuddy\byte-buddy\1.8.15\byte-buddy-1.8.15.jar;C:\Users\Mido\.m2\repository\org\apache\commons\commons-exec\1.3\commons-exec-1.3.jar;C:\Users\Mido\.m2\repository\com\google\guava\guava\25.0-jre\guava-25.0-jre.jar;C:\Users\Mido\.m2\repository\com\google\code\findbugs\jsr305\1.3.9\jsr305-1.3.9.jar;C:\Users\Mido\.m2\repository\org\checkerframework\checker-compat-qual\2.0.0\checker-compat-qual-2.0.0.jar;C:\Users\Mido\.m2\repository\com\google\errorprone\error_prone_annotations\2.1.3\error_prone_annotations-2.1.3.jar;C:\Users\Mido\.m2\repository\com\google\j2objc\j2objc-annotations\1.1\j2objc-annotations-1.1.jar;C:\Users\Mido\.m2\repository\org\codehaus\mojo\animal-sniffer-annotations\1.14\animal-sniffer-annotations-1.14.jar;C:\Users\Mido\.m2\repository\com\squareup\okhttp3\okhttp\3.11.0\okhttp-3.11.0.jar;C:\Users\Mido\.m2\repository\com\squareup\okio\okio\1.14.0\okio-1.14.0.jar;C:\Users\Mido\.m2\repository\org\seleniumhq\selenium\selenium-support\3.141.59\selenium-support-3.141.59.jar;C:\Users\Mido\.m2\repository\org\seleniumhq\selenium\selenium-api\3.141.59\selenium-api-3.141.59.jar;C:\Users\Mido\.m2\repository\com\google\code\gson\gson\2.8.6\gson-2.8.6.jar;C:\Users\Mido\.m2\repository\org\apache\httpcomponents\httpclient\4.5.13\httpclient-4.5.13.jar;C:\Users\Mido\.m2\repository\org\apache\httpcomponents\httpcore\4.4.13\httpcore-4.4.13.jar;C:\Users\Mido\.m2\repository\commons-logging\commons-logging\1.2\commons-logging-1.2.jar;C:\Users\Mido\.m2\repository\commons-codec\commons-codec\1.11\commons-codec-1.11.jar;C:\Users\Mido\.m2\repository\cglib\cglib\3.3.0\cglib-3.3.0.jar;C:\Users\Mido\.m2\repository\org\ow2\asm\asm\7.1\asm-7.1.jar;C:\Users\Mido\.m2\repository\commons-validator\commons-validator\1.7\commons-validator-1.7.jar;C:\Users\Mido\.m2\repository\commons-beanutils\commons-beanutils\1.9.4\commons-beanutils-1.9.4.jar;C:\Users\Mido\.m2\repository\commons-digester\commons-digester\2.1\commons-digester-2.1.jar;C:\Users\Mido\.m2\repository\commons-collections\commons-collections\3.2.2\commons-collections-3.2.2.jar;C:\Users\Mido\.m2\repository\org\apache\commons\commons-lang3\3.11\commons-lang3-3.11.jar;C:\Users\Mido\.m2\repository\commons-io\commons-io\2.8.0\commons-io-2.8.0.jar;C:\Users\Mido\.m2\repository\org\springframework\spring-context\5.3.1\spring-context-5.3.1.jar;C:\Users\Mido\.m2\repository\org\springframework\spring-aop\5.3.1\spring-aop-5.3.1.jar;C:\Users\Mido\.m2\repository\org\springframework\spring-beans\5.3.1\spring-beans-5.3.1.jar;C:\Users\Mido\.m2\repository\org\springframework\spring-core\5.3.1\spring-core-5.3.1.jar;C:\Users\Mido\.m2\repository\org\springframework\spring-jcl\5.3.1\spring-jcl-5.3.1.jar;C:\Users\Mido\.m2\repository\org\springframework\spring-expression\5.3.1\spring-expression-5.3.1.jar;C:\Users\Mido\.m2\repository\org\aspectj\aspectjweaver\1.9.6\aspectjweaver-1.9.6.jar;C:\Users\Mido\.m2\repository\org\slf4j\slf4j-api\1.7.30\slf4j-api-1.7.30.jar;C:\Users\Mido\.m2\repository\org\testng\testng\6.14.3\testng-6.14.3.jar;C:\Users\Mido\.m2\repository\com\beust\jcommander\1.72\jcommander-1.72.jar;C:\Users\Mido\.m2\repository\org\apache-extras\beanshell\bsh\2.0b6\bsh-2.0b6.jar
Launcher Type: SUN_STANDARD

[Global flags]
     intx CICompilerCount                          = 4                                         {product} {ergonomic}
     uint ConcGCThreads                            = 3                                         {product} {ergonomic}
     uint G1ConcRefinementThreads                  = 10                                        {product} {ergonomic}
   size_t G1HeapRegionSize                         = 2097152                                   {product} {ergonomic}
   size_t InitialHeapSize                          = 268435456                                 {product} {ergonomic}
   size_t MarkStackSize                            = 4194304                                   {product} {ergonomic}
   size_t MaxHeapSize                              = 4263510016                                {product} {ergonomic}
   size_t MaxNewSize                               = 2556428288                                {product} {ergonomic}
   size_t MinHeapDeltaBytes                        = 2097152                                   {product} {ergonomic}
   size_t MinHeapSize                              = 8388608                                   {product} {ergonomic}
    uintx NonNMethodCodeHeapSize                   = 5839372                                {pd product} {ergonomic}
    uintx NonProfiledCodeHeapSize                  = 122909434                              {pd product} {ergonomic}
    uintx ProfiledCodeHeapSize                     = 122909434                              {pd product} {ergonomic}
    uintx ReservedCodeCacheSize                    = 251658240                              {pd product} {ergonomic}
     bool SegmentedCodeCache                       = true                                      {product} {ergonomic}
   size_t SoftMaxHeapSize                          = 4263510016                             {manageable} {ergonomic}
     bool UseCompressedOops                        = true                           {product lp64_product} {ergonomic}
     bool UseG1GC                                  = true                                      {product} {ergonomic}
     bool UseLargePagesIndividualAllocation        = false                                  {pd product} {ergonomic}

Logging:
Log output configuration:
 #0: stdout all=warning uptime,level,tags foldmultilines=false
 #1: stderr all=off uptime,level,tags foldmultilines=false

Environment Variables:
JAVA_HOME=C:\Users\Mido\AppData\Local\Programs\Eclipse Adoptium\jdk-17.0.11.9-hotspot\
PATH=D:\program files\Scripts\;D:\program files\;C:\Program Files\Java\jdk-22\bin;C:\Program Files\Common Files\Oracle\Java\javapath;C:\Windows\system32;C:\Windows;C:\Windows\System32\Wbem;C:\Windows\System32\WindowsPowerShell\v1.0\;C:\Windows\System32\OpenSSH\;C:\Program Files\NVIDIA Corporation\NVIDIA NvDLISR;C:\Program Files\Microsoft SQL Server\Client SDK\ODBC\110\Tools\Binn\;C:\Program Files (x86)\Microsoft SQL Server\120\Tools\Binn\;C:\Program Files\Microsoft SQL Server\120\Tools\Binn\;C:\Program Files\Microsoft SQL Server\120\DTS\Binn\;C:\Program Files (x86)\Windows Kits\8.1\Windows Performance Toolkit\;C:\WINDOWS\system32;C:\WINDOWS;C:\WINDOWS\System32\Wbem;C:\WINDOWS\System32\WindowsPowerShell\v1.0\;C:\WINDOWS\System32\OpenSSH\;D:\Program Files\MATLAB\R2019b\runtime\win64;D:\Program Files\MATLAB\R2019b\bin;D:\Program Files\MATLAB\R2019b\polyspace\bin;C:\MinGW\bin;C:\Program Files\Microsoft VS Code\bin;D:\embedded\mingw64\bin;C:\Users\Mido\AppData\Roaming\nvm;C:\Program Files\nodejs;C:\Program Files\apache-maven-3.9.6\bin;C:\Program Files (x86)\Microsoft SQL Server\160\Tools\Binn\;C:\Program Files\Microsoft SQL Server\160\Tools\Binn\;C:\Program Files\Microsoft SQL Server\Client SDK\ODBC\170\Tools\Binn\;C:\Program Files\Microsoft SQL Server\160\DTS\Binn\;C:\Program Files (x86)\Microsoft SQL Server\160\DTS\Binn\;C:\Program Files\Git\cmd;%ANDROID_HOME%\bin;C:\Users\Mido\AppData\Local\Programs\Eclipse Adoptium\jdk-17.0.11.9-hotspot\bin;C:\Users\Mido\AppData\Local\Microsoft\WindowsApps;c:\nrn\bin;c:\nrn\mingw\usr\bin;C:\Users\Mido\AppData\Roaming\npm;C:\Users\Mido\AppData\Roaming\nvm;C:\Program Files\nodejs;D:\program files\PyCharm 2024.1.3\bin;
USERNAME=Mido
OS=Windows_NT
PROCESSOR_IDENTIFIER=Intel64 Family 6 Model 158 Stepping 10, GenuineIntel
TMP=C:\Users\Mido\AppData\Local\Temp
TEMP=C:\Users\Mido\AppData\Local\Temp




Periodic native trim disabled

---------------  S Y S T E M  ---------------

OS:
 Windows 11 , 64 bit Build 22621 (10.0.22621.3672)
OS uptime: 0 days 2:48 hours
Hyper-V role detected

CPU: total 12 (initial active 12) (6 cores per cpu, 2 threads per core) family 6 model 158 stepping 10 microcode 0xde, cx8, cmov, fxsr, ht, mmx, 3dnowpref, sse, sse2, sse3, ssse3, sse4.1, sse4.2, popcnt, lzcnt, tsc, tscinvbit, avx, avx2, aes, erms, clmul, bmi1, bmi2, adx, fma, vzeroupper, clflush, clflushopt, hv, rdtscp, f16c
Processor Information for all 12 processors :
  Max Mhz: 2208, Current Mhz: 2208, Mhz Limit: 2208

Memory: 4k page, system-wide physical 16257M (2296M free)
TotalPageFile size 31360M (AvailPageFile size 0M)
current process WorkingSet (physical memory assigned to process): 83M, peak: 83M
current process commit charge ("private bytes"): 368M, peak: 369M

vm_info: Java HotSpot(TM) 64-Bit Server VM (22.0.1+8-16) for windows-amd64 JRE (22.0.1+8-16), built on 2024-03-12T10:33:16Z by "mach5one" with MS VC++ 17.6 (VS2022)

END.
