#
# There is insufficient memory for the Java Runtime Environment to continue.
# Native memory allocation (mmap) failed to map 268435456 bytes. Error detail: G1 virtual space
# Possible reasons:
#   The system is out of physical RAM or swap space
#   This process is running with CompressedOops enabled, and the Java Heap may be blocking the growth of the native heap
# Possible solutions:
#   Reduce memory load on the system
#   Increase physical memory or swap space
#   Check if swap backing store is full
#   Decrease Java heap size (-Xmx/-Xms)
#   Decrease number of Java threads
#   Decrease Java thread stack sizes (-Xss)
#   Set larger code cache with -XX:ReservedCodeCacheSize=
#   JVM is running with Zero Based Compressed Oops mode in which the Java heap is
#     placed in the first 32GB address space. The Java Heap base address is the
#     maximum limit for the native heap growth. Please use -XX:HeapBaseMinAddress
#     to set the Java Heap base and to place the Java Heap above 32GB virtual address.
# This output file may be truncated or incomplete.
#
#  Out of Memory Error (os_windows.cpp:3631), pid=21440, tid=12092
#
# JRE version:  (22.0.1+8) (build )
# Java VM: Java HotSpot(TM) 64-Bit Server VM (22.0.1+8-16, mixed mode, sharing, tiered, compressed oops, compressed class ptrs, g1 gc, windows-amd64)
# No core dump will be written. Minidumps are not enabled by default on client versions of Windows
#

---------------  S U M M A R Y ------------

Command Line: -ea -Didea.test.cyclic.buffer.size=1048576 -javaagent:D:\program files\JetBrains\IntelliJ IDEA 2024.1.1\lib\idea_rt.jar=57934:D:\program files\JetBrains\IntelliJ IDEA 2024.1.1\bin -Dfile.encoding=UTF-8 -Dsun.stdout.encoding=UTF-8 -Dsun.stderr.encoding=UTF-8 com.intellij.rt.testng.RemoteTestNGStarter -usedefaultlisteners false -socket57933 @w@C:\Users\Mido\AppData\Local\Temp\idea_working_dirs_testng.tmp -temp C:\Users\Mido\AppData\Local\Temp\idea_testng.tmp

Host: Intel(R) Core(TM) i7-8750H CPU @ 2.20GHz, 12 cores, 15G,  Windows 11 , 64 bit Build 22621 (10.0.22621.3672)
Time: Mon Aug 12 19:23:48 2024 Egypt Daylight Time elapsed time: 0.037873 seconds (0d 0h 0m 0s)

---------------  T H R E A D  ---------------

Current thread (0x0000011e8cfcaa10):  JavaThread "Unknown thread" [_thread_in_vm, id=12092, stack(0x0000001033400000,0x0000001033500000) (1024K)]

Stack: [0x0000001033400000,0x0000001033500000]
Native frames: (J=compiled Java code, j=interpreted, Vv=VM code, C=native code)
V  [jvm.dll+0x6e2279]  (no source info available)
V  [jvm.dll+0x874e33]  (no source info available)
V  [jvm.dll+0x87725e]  (no source info available)
V  [jvm.dll+0x877933]  (no source info available)
V  [jvm.dll+0x27fd76]  (no source info available)
V  [jvm.dll+0x6de915]  (no source info available)
V  [jvm.dll+0x6d341a]  (no source info available)
V  [jvm.dll+0x3589da]  (no source info available)
V  [jvm.dll+0x360f06]  (no source info available)
V  [jvm.dll+0x3b3e2e]  (no source info available)
V  [jvm.dll+0x3b40d8]  (no source info available)
V  [jvm.dll+0x32c59c]  (no source info available)
V  [jvm.dll+0x32d158]  (no source info available)
V  [jvm.dll+0x83ccdc]  (no source info available)
V  [jvm.dll+0x3c0d71]  (no source info available)
V  [jvm.dll+0x825ccc]  (no source info available)
V  [jvm.dll+0x45b8fe]  (no source info available)
V  [jvm.dll+0x45d781]  (no source info available)
C  [jli.dll+0x52a3]  (no source info available)
C  [ucrtbase.dll+0x29333]  (no source info available)
C  [KERNEL32.DLL+0x1257d]  (no source info available)
C  [ntdll.dll+0x5af28]  (no source info available)


---------------  P R O C E S S  ---------------

Threads class SMR info:
_java_thread_list=0x00007ff95c8cb1c8, length=0, elements={
}

Java Threads: ( => current thread )
Total: 0

Other Threads:
  0x0000011e8f1e9d50 WorkerThread "GC Thread#0"                     [id=13452, stack(0x0000001033500000,0x0000001033600000) (1024K)]
  0x0000011e8f1fab50 ConcurrentGCThread "G1 Main Marker"            [id=888, stack(0x0000001033600000,0x0000001033700000) (1024K)]
  0x0000011e8f1fb810 WorkerThread "G1 Conc#0"                       [id=24284, stack(0x0000001033700000,0x0000001033800000) (1024K)]

[error occurred during error reporting (printing all threads), id 0xc0000005, EXCEPTION_ACCESS_VIOLATION (0xc0000005) at pc=0x00007ff95c01f367]
VM state: not at safepoint (not fully initialized)

VM Mutex/Monitor currently owned by a thread:  ([mutex/lock_event])
[0x00007ff95c94bcb8] Heap_lock - owner thread: 0x0000011e8cfcaa10

Heap address: 0x0000000701e00000, size: 4066 MB, Compressed Oops mode: Zero based, Oop shift amount: 3

CDS archive(s) mapped at: [0x0000000000000000-0x0000000000000000-0x0000000000000000), size 0, SharedBaseAddress: 0x0000000800000000, ArchiveRelocationMode: 1.
Narrow klass base: 0x0000000000000000, Narrow klass shift: 0, Narrow klass range: 0x0

GC Precious Log:
 CardTable entry size: 512
 Card Set container configuration: InlinePtr #cards 4 size 8 Array Of Cards #cards 16 size 48 Howl #buckets 8 coarsen threshold 3686 Howl Bitmap #cards 512 size 80 coarsen threshold 460 Card regions per heap region 1 cards per card region 4096

Heap:
 garbage-first heap   total reserved 4163584K, committed 0K, used 0K [0x0000000701e00000, 0x0000000800000000)
  region size 2048K, 0 young (0K), 0 survivors (0K)

[error occurred during error reporting (printing heap information), id 0xc0000005, EXCEPTION_ACCESS_VIOLATION (0xc0000005) at pc=0x00007ff95c41e429]
GC Heap History (0 events):
No events

Dll operation events (1 events):
Event: 0.027 Loaded shared library C:\Program Files\Java\jdk-22\bin\java.dll

Deoptimization events (0 events):
No events

Classes loaded (0 events):
No events

Classes unloaded (0 events):
No events

Classes redefined (0 events):
No events

Internal exceptions (0 events):
No events

ZGC Phase Switch (0 events):
No events

VM Operations (0 events):
No events

Events (0 events):
No events


Dynamic libraries:
0x00007ff6a52a0000 - 0x00007ff6a52b0000 	C:\Program Files\Java\jdk-22\bin\java.exe
0x00007ff9c0b50000 - 0x00007ff9c0d67000 	C:\WINDOWS\SYSTEM32\ntdll.dll
0x00007ff9bf930000 - 0x00007ff9bf9f4000 	C:\WINDOWS\System32\KERNEL32.DLL
0x00007ff9be150000 - 0x00007ff9be4fd000 	C:\WINDOWS\System32\KERNELBASE.dll
0x00007ff9be030000 - 0x00007ff9be141000 	C:\WINDOWS\System32\ucrtbase.dll
0x00007ff9b9380000 - 0x00007ff9b9397000 	C:\Program Files\Java\jdk-22\bin\jli.dll
0x00007ff9bf870000 - 0x00007ff9bf922000 	C:\WINDOWS\System32\ADVAPI32.dll
0x00007ff9c0a50000 - 0x00007ff9c0af7000 	C:\WINDOWS\System32\msvcrt.dll
0x00007ff9b9280000 - 0x00007ff9b929b000 	C:\Program Files\Java\jdk-22\bin\VCRUNTIME140.dll
0x00007ff9be9f0000 - 0x00007ff9bea99000 	C:\WINDOWS\System32\sechost.dll
0x00007ff9be670000 - 0x00007ff9be698000 	C:\WINDOWS\System32\bcrypt.dll
0x00007ff9beb80000 - 0x00007ff9bec94000 	C:\WINDOWS\System32\RPCRT4.dll
0x00007ff9c07e0000 - 0x00007ff9c098e000 	C:\WINDOWS\System32\USER32.dll
0x00007ff9be740000 - 0x00007ff9be766000 	C:\WINDOWS\System32\win32u.dll
0x00007ff9bf740000 - 0x00007ff9bf769000 	C:\WINDOWS\System32\GDI32.dll
0x00007ff9be770000 - 0x00007ff9be889000 	C:\WINDOWS\System32\gdi32full.dll
0x00007ff9be6a0000 - 0x00007ff9be73a000 	C:\WINDOWS\System32\msvcp_win.dll
0x00007ff99a0e0000 - 0x00007ff99a373000 	C:\WINDOWS\WinSxS\amd64_microsoft.windows.common-controls_6595b64144ccf1df_6.0.22621.3672_none_2713b9d173822955\COMCTL32.dll
0x00007ff9b56d0000 - 0x00007ff9b56da000 	C:\WINDOWS\SYSTEM32\VERSION.dll
0x00007ff9beaa0000 - 0x00007ff9bead1000 	C:\WINDOWS\System32\IMM32.DLL
0x00007ff9b9370000 - 0x00007ff9b937c000 	C:\Program Files\Java\jdk-22\bin\vcruntime140_1.dll
0x00007ff9a8bf0000 - 0x00007ff9a8c7e000 	C:\Program Files\Java\jdk-22\bin\msvcp140.dll
0x00007ff95bce0000 - 0x00007ff95ca27000 	C:\Program Files\Java\jdk-22\bin\server\jvm.dll
0x00007ff9beaf0000 - 0x00007ff9beb61000 	C:\WINDOWS\System32\WS2_32.dll
0x00007ff9bdb90000 - 0x00007ff9bdbdd000 	C:\WINDOWS\SYSTEM32\POWRPROF.dll
0x00007ff9b6570000 - 0x00007ff9b65a4000 	C:\WINDOWS\SYSTEM32\WINMM.dll
0x00007ff9bdb70000 - 0x00007ff9bdb83000 	C:\WINDOWS\SYSTEM32\UMPDC.dll
0x00007ff9bce70000 - 0x00007ff9bce88000 	C:\WINDOWS\SYSTEM32\kernel.appcore.dll
0x00007ff9b8f50000 - 0x00007ff9b8f5a000 	C:\Program Files\Java\jdk-22\bin\jimage.dll
0x00007ff9bb760000 - 0x00007ff9bb992000 	C:\WINDOWS\SYSTEM32\DBGHELP.DLL
0x00007ff9c0380000 - 0x00007ff9c0708000 	C:\WINDOWS\System32\combase.dll
0x00007ff9c01f0000 - 0x00007ff9c02c7000 	C:\WINDOWS\System32\OLEAUT32.dll
0x00007ff9a4440000 - 0x00007ff9a4472000 	C:\WINDOWS\SYSTEM32\dbgcore.DLL
0x00007ff9bde80000 - 0x00007ff9bdefb000 	C:\WINDOWS\System32\bcryptPrimitives.dll
0x00007ff9b8c30000 - 0x00007ff9b8c3f000 	C:\Program Files\Java\jdk-22\bin\instrument.dll
0x00007ff9b8f30000 - 0x00007ff9b8f4e000 	C:\Program Files\Java\jdk-22\bin\java.dll
0x00007ff9beee0000 - 0x00007ff9bf73f000 	C:\WINDOWS\System32\SHELL32.dll
0x00007ff9beca0000 - 0x00007ff9bee45000 	C:\WINDOWS\System32\ole32.dll

dbghelp: loaded successfully - version: 4.0.5 - missing functions: none
symbol engine: initialized successfully - sym options: 0x614 - pdb path: .;C:\Program Files\Java\jdk-22\bin;C:\WINDOWS\SYSTEM32;C:\WINDOWS\WinSxS\amd64_microsoft.windows.common-controls_6595b64144ccf1df_6.0.22621.3672_none_2713b9d173822955;C:\Program Files\Java\jdk-22\bin\server

VM Arguments:
jvm_args: -ea -Didea.test.cyclic.buffer.size=1048576 -javaagent:D:\program files\JetBrains\IntelliJ IDEA 2024.1.1\lib\idea_rt.jar=57934:D:\program files\JetBrains\IntelliJ IDEA 2024.1.1\bin -Dfile.encoding=UTF-8 -Dsun.stdout.encoding=UTF-8 -Dsun.stderr.encoding=UTF-8 
java_command: com.intellij.rt.testng.RemoteTestNGStarter -usedefaultlisteners false -socket57933 @w@C:\Users\Mido\AppData\Local\Temp\idea_working_dirs_testng.tmp -temp C:\Users\Mido\AppData\Local\Temp\idea_testng.tmp
java_class_path (initial): D:\program files\JetBrains\IntelliJ IDEA 2024.1.1\lib\idea_rt.jar;D:\program files\JetBrains\IntelliJ IDEA 2024.1.1\plugins\testng\lib\testng-rt.jar;D:\program files\JetBrains\IntelliJ IDEA 2024.1.1\IdeaProjects\AppiumTAU\target\test-classes;D:\program files\JetBrains\IntelliJ IDEA 2024.1.1\IdeaProjects\AppiumTAU\target\classes;C:\Users\Mido\.m2\repository\io\appium\java-client\7.4.1\java-client-7.4.1.jar;C:\Users\Mido\.m2\repository\org\seleniumhq\selenium\selenium-java\3.141.59\selenium-java-3.141.59.jar;C:\Users\Mido\.m2\repository\org\seleniumhq\selenium\selenium-chrome-driver\3.141.59\selenium-chrome-driver-3.141.59.jar;C:\Users\Mido\.m2\repository\org\seleniumhq\selenium\selenium-edge-driver\3.141.59\selenium-edge-driver-3.141.59.jar;C:\Users\Mido\.m2\repository\org\seleniumhq\selenium\selenium-firefox-driver\3.141.59\selenium-firefox-driver-3.141.59.jar;C:\Users\Mido\.m2\repository\org\seleniumhq\selenium\selenium-ie-driver\3.141.59\selenium-ie-driver-3.141.59.jar;C:\Users\Mido\.m2\repository\org\seleniumhq\selenium\selenium-opera-driver\3.141.59\selenium-opera-driver-3.141.59.jar;C:\Users\Mido\.m2\repository\org\seleniumhq\selenium\selenium-remote-driver\3.141.59\selenium-remote-driver-3.141.59.jar;C:\Users\Mido\.m2\repository\org\seleniumhq\selenium\selenium-safari-driver\3.141.59\selenium-safari-driver-3.141.59.jar;C:\Users\Mido\.m2\repository\net\bytebuddy\byte-buddy\1.8.15\byte-buddy-1.8.15.jar;C:\Users\Mido\.m2\repository\org\apache\commons\commons-exec\1.3\commons-exec-1.3.jar;C:\Users\Mido\.m2\repository\com\google\guava\guava\25.0-jre\guava-25.0-jre.jar;C:\Users\Mido\.m2\repository\com\google\code\findbugs\jsr305\1.3.9\jsr305-1.3.9.jar;C:\Users\Mido\.m2\repository\org\checkerframework\checker-compat-qual\2.0.0\checker-compat-qual-2.0.0.jar;C:\Users\Mido\.m2\repository\com\google\errorprone\error_prone_annotations\2.1.3\error_prone_annotations-2.1.3.jar;C:\Users\Mido\.m2\repository\com\google\j2objc\j2objc-annotations\1.1\j2objc-annotations-1.1.jar;C:\Users\Mido\.m2\repository\org\codehaus\mojo\animal-sniffer-annotations\1.14\animal-sniffer-annotations-1.14.jar;C:\Users\Mido\.m2\repository\com\squareup\okhttp3\okhttp\3.11.0\okhttp-3.11.0.jar;C:\Users\Mido\.m2\repository\com\squareup\okio\okio\1.14.0\okio-1.14.0.jar;C:\Users\Mido\.m2\repository\org\seleniumhq\selenium\selenium-support\3.141.59\selenium-support-3.141.59.jar;C:\Users\Mido\.m2\repository\org\seleniumhq\selenium\selenium-api\3.141.59\selenium-api-3.141.59.jar;C:\Users\Mido\.m2\repository\com\google\code\gson\gson\2.8.6\gson-2.8.6.jar;C:\Users\Mido\.m2\repository\org\apache\httpcomponents\httpclient\4.5.13\httpclient-4.5.13.jar;C:\Users\Mido\.m2\repository\org\apache\httpcomponents\httpcore\4.4.13\httpcore-4.4.13.jar;C:\Users\Mido\.m2\repository\commons-logging\commons-logging\1.2\commons-logging-1.2.jar;C:\Users\Mido\.m2\repository\commons-codec\commons-codec\1.11\commons-codec-1.11.jar;C:\Users\Mido\.m2\repository\cglib\cglib\3.3.0\cglib-3.3.0.jar;C:\Users\Mido\.m2\repository\org\ow2\asm\asm\7.1\asm-7.1.jar;C:\Users\Mido\.m2\repository\commons-validator\commons-validator\1.7\commons-validator-1.7.jar;C:\Users\Mido\.m2\repository\commons-beanutils\commons-beanutils\1.9.4\commons-beanutils-1.9.4.jar;C:\Users\Mido\.m2\repository\commons-digester\commons-digester\2.1\commons-digester-2.1.jar;C:\Users\Mido\.m2\repository\commons-collections\commons-collections\3.2.2\commons-collections-3.2.2.jar;C:\Users\Mido\.m2\repository\org\apache\commons\commons-lang3\3.11\commons-lang3-3.11.jar;C:\Users\Mido\.m2\repository\commons-io\commons-io\2.8.0\commons-io-2.8.0.jar;C:\Users\Mido\.m2\repository\org\springframework\spring-context\5.3.1\spring-context-5.3.1.jar;C:\Users\Mido\.m2\repository\org\springframework\spring-aop\5.3.1\spring-aop-5.3.1.jar;C:\Users\Mido\.m2\repository\org\springframework\spring-beans\5.3.1\spring-beans-5.3.1.jar;C:\Users\Mido\.m2\repository\org\springframework\spring-core\5.3.1\spring-core-5.3.1.jar;C:\Users\Mido\.m2\repository\org\springframework\spring-jcl\5.3.1\spring-jcl-5.3.1.jar;C:\Users\Mido\.m2\repository\org\springframework\spring-expression\5.3.1\spring-expression-5.3.1.jar;C:\Users\Mido\.m2\repository\org\aspectj\aspectjweaver\1.9.6\aspectjweaver-1.9.6.jar;C:\Users\Mido\.m2\repository\org\slf4j\slf4j-api\1.7.30\slf4j-api-1.7.30.jar;C:\Users\Mido\.m2\repository\org\testng\testng\6.14.3\testng-6.14.3.jar;C:\Users\Mido\.m2\repository\com\beust\jcommander\1.72\jcommander-1.72.jar;C:\Users\Mido\.m2\repository\org\apache-extras\beanshell\bsh\2.0b6\bsh-2.0b6.jar
Launcher Type: SUN_STANDARD

[Global flags]
     intx CICompilerCount                          = 4                                         {product} {ergonomic}
     uint ConcGCThreads                            = 3                                         {product} {ergonomic}
     uint G1ConcRefinementThreads                  = 10                                        {product} {ergonomic}
   size_t G1HeapRegionSize                         = 2097152                                   {product} {ergonomic}
   size_t InitialHeapSize                          = 268435456                                 {product} {ergonomic}
   size_t MarkStackSize                            = 4194304                                   {product} {ergonomic}
   size_t MaxHeapSize                              = 4263510016                                {product} {ergonomic}
   size_t MinHeapDeltaBytes                        = 2097152                                   {product} {ergonomic}
   size_t MinHeapSize                              = 8388608                                   {product} {ergonomic}
    uintx NonNMethodCodeHeapSize                   = 5839372                                {pd product} {ergonomic}
    uintx NonProfiledCodeHeapSize                  = 122909434                              {pd product} {ergonomic}
    uintx ProfiledCodeHeapSize                     = 122909434                              {pd product} {ergonomic}
    uintx ReservedCodeCacheSize                    = 251658240                              {pd product} {ergonomic}
     bool SegmentedCodeCache                       = true                                      {product} {ergonomic}
   size_t SoftMaxHeapSize                          = 4263510016                             {manageable} {ergonomic}
     bool UseCompressedOops                        = true                           {product lp64_product} {ergonomic}
     bool UseG1GC                                  = true                                      {product} {ergonomic}
     bool UseLargePagesIndividualAllocation        = false                                  {pd product} {ergonomic}

Logging:
Log output configuration:
 #0: stdout all=warning uptime,level,tags foldmultilines=false
 #1: stderr all=off uptime,level,tags foldmultilines=false

Environment Variables:
JAVA_HOME=C:\Users\Mido\AppData\Local\Programs\Eclipse Adoptium\jdk-17.0.11.9-hotspot\
PATH=D:\program files\Scripts\;D:\program files\;C:\Program Files\Java\jdk-22\bin;C:\Program Files\Common Files\Oracle\Java\javapath;C:\Windows\system32;C:\Windows;C:\Windows\System32\Wbem;C:\Windows\System32\WindowsPowerShell\v1.0\;C:\Windows\System32\OpenSSH\;C:\Program Files\NVIDIA Corporation\NVIDIA NvDLISR;C:\Program Files\Microsoft SQL Server\Client SDK\ODBC\110\Tools\Binn\;C:\Program Files (x86)\Microsoft SQL Server\120\Tools\Binn\;C:\Program Files\Microsoft SQL Server\120\Tools\Binn\;C:\Program Files\Microsoft SQL Server\120\DTS\Binn\;C:\Program Files (x86)\Windows Kits\8.1\Windows Performance Toolkit\;C:\WINDOWS\system32;C:\WINDOWS;C:\WINDOWS\System32\Wbem;C:\WINDOWS\System32\WindowsPowerShell\v1.0\;C:\WINDOWS\System32\OpenSSH\;D:\Program Files\MATLAB\R2019b\runtime\win64;D:\Program Files\MATLAB\R2019b\bin;D:\Program Files\MATLAB\R2019b\polyspace\bin;C:\MinGW\bin;C:\Program Files\Microsoft VS Code\bin;D:\embedded\mingw64\bin;C:\Users\Mido\AppData\Roaming\nvm;C:\Program Files\nodejs;C:\Program Files\apache-maven-3.9.6\bin;C:\Program Files (x86)\Microsoft SQL Server\160\Tools\Binn\;C:\Program Files\Microsoft SQL Server\160\Tools\Binn\;C:\Program Files\Microsoft SQL Server\Client SDK\ODBC\170\Tools\Binn\;C:\Program Files\Microsoft SQL Server\160\DTS\Binn\;C:\Program Files (x86)\Microsoft SQL Server\160\DTS\Binn\;C:\Program Files\Git\cmd;%ANDROID_HOME%\bin;C:\Users\Mido\AppData\Local\Programs\Eclipse Adoptium\jdk-17.0.11.9-hotspot\bin;C:\Users\Mido\AppData\Local\Microsoft\WindowsApps;c:\nrn\bin;c:\nrn\mingw\usr\bin;C:\Users\Mido\AppData\Roaming\npm;C:\Users\Mido\AppData\Roaming\nvm;C:\Program Files\nodejs;D:\program files\PyCharm 2024.1.3\bin;
USERNAME=Mido
OS=Windows_NT
PROCESSOR_IDENTIFIER=Intel64 Family 6 Model 158 Stepping 10, GenuineIntel
TMP=C:\Users\Mido\AppData\Local\Temp
TEMP=C:\Users\Mido\AppData\Local\Temp




Periodic native trim disabled

---------------  S Y S T E M  ---------------

OS:
 Windows 11 , 64 bit Build 22621 (10.0.22621.3672)
OS uptime: 0 days 2:44 hours
Hyper-V role detected

CPU: total 12 (initial active 12) (6 cores per cpu, 2 threads per core) family 6 model 158 stepping 10 microcode 0xde, cx8, cmov, fxsr, ht, mmx, 3dnowpref, sse, sse2, sse3, ssse3, sse4.1, sse4.2, popcnt, lzcnt, tsc, tscinvbit, avx, avx2, aes, erms, clmul, bmi1, bmi2, adx, fma, vzeroupper, clflush, clflushopt, hv, rdtscp, f16c
Processor Information for all 12 processors :
  Max Mhz: 2208, Current Mhz: 2208, Mhz Limit: 2208

Memory: 4k page, system-wide physical 16257M (1757M free)
TotalPageFile size 31278M (AvailPageFile size 165M)
current process WorkingSet (physical memory assigned to process): 12M, peak: 12M
current process commit charge ("private bytes"): 64M, peak: 320M

vm_info: Java HotSpot(TM) 64-Bit Server VM (22.0.1+8-16) for windows-amd64 JRE (22.0.1+8-16), built on 2024-03-12T10:33:16Z by "mach5one" with MS VC++ 17.6 (VS2022)

END.
